# Logfile created on 2013-12-28 16:53:37 +0400 by logger.rb/41954
I, [2013-12-28T16:53:37.754750 #28066]  INFO -- : 0:  multipart-post (1.2.0) from /home/mie/.rvm/gems/ruby-2.0.0-p353@yucky/specifications/multipart-post-1.2.0.gemspec
I, [2013-12-28T16:53:39.509555 #28066]  INFO -- : 0:  faraday (0.8.8) from /home/mie/.rvm/gems/ruby-2.0.0-p353@yucky/specifications/faraday-0.8.8.gemspec
I, [2013-12-28T16:53:41.662598 #28066]  INFO -- : 0:  rack (1.5.2) from /home/mie/.rvm/gems/ruby-2.0.0-p353@yucky/specifications/rack-1.5.2.gemspec
I, [2013-12-28T16:53:43.384168 #28066]  INFO -- : 0:  rack-protection (1.5.1) from /home/mie/.rvm/gems/ruby-2.0.0-p353@yucky/specifications/rack-protection-1.5.1.gemspec
I, [2013-12-28T16:53:45.025258 #28066]  INFO -- : 0:  tilt (1.4.1) from /home/mie/.rvm/gems/ruby-2.0.0-p353@yucky/specifications/tilt-1.4.1.gemspec
I, [2013-12-28T16:53:47.541591 #28066]  INFO -- : 0:  sinatra (1.4.4) from /home/mie/.rvm/gems/ruby-2.0.0-p353@yucky/specifications/sinatra-1.4.4.gemspec
I, [2013-12-28T16:53:47.542500 #28066]  INFO -- : 0:  bundler (1.5.1) from /home/mie/.rvm/gems/ruby-2.0.0-p353@global/specifications/bundler-1.5.1.gemspec
I, [2013-12-28T17:47:48.401270 #31873]  INFO -- : 0:  multipart-post (1.2.0) from /home/mie/.rvm/gems/ruby-2.0.0-p353@yucky/specifications/multipart-post-1.2.0.gemspec
I, [2013-12-28T17:47:48.401643 #31873]  INFO -- : 0:  faraday (0.8.8) from /home/mie/.rvm/gems/ruby-2.0.0-p353@yucky/specifications/faraday-0.8.8.gemspec
I, [2013-12-28T17:47:50.400707 #31873]  INFO -- : 0:  mustache (0.99.5) from /home/mie/.rvm/gems/ruby-2.0.0-p353@yucky/specifications/mustache-0.99.5.gemspec
I, [2013-12-28T17:47:52.520744 #31873]  INFO -- : 0:  mini_portile (0.5.2) from /home/mie/.rvm/gems/ruby-2.0.0-p353@yucky/specifications/mini_portile-0.5.2.gemspec
I, [2013-12-28T17:49:30.166040 #31873]  INFO -- : 0:  nokogiri (1.6.1) from /home/mie/.rvm/gems/ruby-2.0.0-p353@yucky/specifications/nokogiri-1.6.1.gemspec
I, [2013-12-28T17:49:32.161268 #31873]  INFO -- : 0:  kindlerb (0.1.1) from /home/mie/.rvm/gems/ruby-2.0.0-p353@yucky/specifications/kindlerb-0.1.1.gemspec
I, [2013-12-28T17:49:32.161682 #31873]  INFO -- : 0:  rack (1.5.2) from /home/mie/.rvm/gems/ruby-2.0.0-p353@yucky/specifications/rack-1.5.2.gemspec
I, [2013-12-28T17:49:32.161930 #31873]  INFO -- : 0:  rack-protection (1.5.1) from /home/mie/.rvm/gems/ruby-2.0.0-p353@yucky/specifications/rack-protection-1.5.1.gemspec
I, [2013-12-28T17:49:32.162234 #31873]  INFO -- : 0:  tilt (1.4.1) from /home/mie/.rvm/gems/ruby-2.0.0-p353@yucky/specifications/tilt-1.4.1.gemspec
I, [2013-12-28T17:49:32.162819 #31873]  INFO -- : 0:  sinatra (1.4.4) from /home/mie/.rvm/gems/ruby-2.0.0-p353@yucky/specifications/sinatra-1.4.4.gemspec
I, [2013-12-28T17:49:32.163383 #31873]  INFO -- : 0:  bundler (1.5.1) from /home/mie/.rvm/gems/ruby-2.0.0-p353@global/specifications/bundler-1.5.1.gemspec
I, [2013-12-30T16:46:10.245113 #16885]  INFO -- : 0:  builder (3.2.2) from /home/mie/.rvm/gems/ruby-2.0.0-p353@yucky/specifications/builder-3.2.2.gemspec
I, [2013-12-30T16:46:12.056802 #16885]  INFO -- : 0:  rubyzip (1.1.0) from /home/mie/.rvm/gems/ruby-2.0.0-p353@yucky/specifications/rubyzip-1.1.0.gemspec
I, [2013-12-30T16:46:13.721645 #16885]  INFO -- : 0:  eeepub (0.8.1) from /home/mie/.rvm/gems/ruby-2.0.0-p353@yucky/specifications/eeepub-0.8.1.gemspec
I, [2013-12-30T16:46:13.722103 #16885]  INFO -- : 0:  multipart-post (1.2.0) from /home/mie/.rvm/gems/ruby-2.0.0-p353@yucky/specifications/multipart-post-1.2.0.gemspec
I, [2013-12-30T16:46:13.722326 #16885]  INFO -- : 0:  faraday (0.8.8) from /home/mie/.rvm/gems/ruby-2.0.0-p353@yucky/specifications/faraday-0.8.8.gemspec
I, [2013-12-30T16:46:13.722542 #16885]  INFO -- : 0:  mini_portile (0.5.2) from /home/mie/.rvm/gems/ruby-2.0.0-p353@yucky/specifications/mini_portile-0.5.2.gemspec
I, [2013-12-30T16:46:13.722754 #16885]  INFO -- : 0:  nokogiri (1.6.1) from /home/mie/.rvm/gems/ruby-2.0.0-p353@yucky/specifications/nokogiri-1.6.1.gemspec
I, [2013-12-30T16:46:13.722972 #16885]  INFO -- : 0:  kindler (0.5.0) from /home/mie/.rvm/gems/ruby-2.0.0-p353@yucky/specifications/kindler-0.5.0.gemspec
I, [2013-12-30T16:46:15.886625 #16885]  INFO -- : 0:  kramdown (1.3.0) from /home/mie/.rvm/gems/ruby-2.0.0-p353@yucky/specifications/kramdown-1.3.0.gemspec
I, [2013-12-30T16:46:15.887556 #16885]  INFO -- : 0:  rack (1.5.2) from /home/mie/.rvm/gems/ruby-2.0.0-p353@yucky/specifications/rack-1.5.2.gemspec
I, [2013-12-30T16:46:15.888154 #16885]  INFO -- : 0:  rack-protection (1.5.1) from /home/mie/.rvm/gems/ruby-2.0.0-p353@yucky/specifications/rack-protection-1.5.1.gemspec
I, [2013-12-30T16:46:15.888728 #16885]  INFO -- : 0:  tilt (1.4.1) from /home/mie/.rvm/gems/ruby-2.0.0-p353@yucky/specifications/tilt-1.4.1.gemspec
I, [2013-12-30T16:46:15.889292 #16885]  INFO -- : 0:  sinatra (1.4.4) from /home/mie/.rvm/gems/ruby-2.0.0-p353@yucky/specifications/sinatra-1.4.4.gemspec
I, [2013-12-30T16:46:15.889835 #16885]  INFO -- : 0:  bundler (1.5.1) from /home/mie/.rvm/gems/ruby-2.0.0-p353@global/specifications/bundler-1.5.1.gemspec
I, [2013-12-30T17:01:08.842551 #17558]  INFO -- : 0:  builder (3.2.2) from /home/mie/.rvm/gems/ruby-2.0.0-p353@yucky/specifications/builder-3.2.2.gemspec
I, [2013-12-30T17:01:08.843157 #17558]  INFO -- : 0:  rubyzip (1.1.0) from /home/mie/.rvm/gems/ruby-2.0.0-p353@yucky/specifications/rubyzip-1.1.0.gemspec
I, [2013-12-30T17:01:08.843516 #17558]  INFO -- : 0:  eeepub (0.8.1) from /home/mie/.rvm/gems/ruby-2.0.0-p353@yucky/specifications/eeepub-0.8.1.gemspec
I, [2013-12-30T17:01:08.843826 #17558]  INFO -- : 0:  multipart-post (1.2.0) from /home/mie/.rvm/gems/ruby-2.0.0-p353@yucky/specifications/multipart-post-1.2.0.gemspec
I, [2013-12-30T17:01:08.844111 #17558]  INFO -- : 0:  faraday (0.8.8) from /home/mie/.rvm/gems/ruby-2.0.0-p353@yucky/specifications/faraday-0.8.8.gemspec
I, [2013-12-30T17:01:08.844390 #17558]  INFO -- : 0:  mini_portile (0.5.2) from /home/mie/.rvm/gems/ruby-2.0.0-p353@yucky/specifications/mini_portile-0.5.2.gemspec
I, [2013-12-30T17:01:08.844676 #17558]  INFO -- : 0:  nokogiri (1.6.1) from /home/mie/.rvm/gems/ruby-2.0.0-p353@yucky/specifications/nokogiri-1.6.1.gemspec
I, [2013-12-30T17:01:08.844963 #17558]  INFO -- : 0:  kindler (0.5.0) from /home/mie/.rvm/gems/ruby-2.0.0-p353@yucky/specifications/kindler-0.5.0.gemspec
I, [2013-12-30T17:01:08.845238 #17558]  INFO -- : 0:  kramdown (1.3.0) from /home/mie/.rvm/gems/ruby-2.0.0-p353@yucky/specifications/kramdown-1.3.0.gemspec
I, [2013-12-30T17:01:08.845504 #17558]  INFO -- : 0:  rack (1.5.2) from /home/mie/.rvm/gems/ruby-2.0.0-p353@yucky/specifications/rack-1.5.2.gemspec
I, [2013-12-30T17:01:08.845754 #17558]  INFO -- : 0:  rack-protection (1.5.1) from /home/mie/.rvm/gems/ruby-2.0.0-p353@yucky/specifications/rack-protection-1.5.1.gemspec
I, [2013-12-30T17:01:08.845992 #17558]  INFO -- : 0:  tilt (1.4.1) from /home/mie/.rvm/gems/ruby-2.0.0-p353@yucky/specifications/tilt-1.4.1.gemspec
I, [2013-12-30T17:01:08.846228 #17558]  INFO -- : 0:  sinatra (1.4.4) from /home/mie/.rvm/gems/ruby-2.0.0-p353@yucky/specifications/sinatra-1.4.4.gemspec
I, [2013-12-30T17:01:08.846455 #17558]  INFO -- : 0:  bundler (1.5.1) from /home/mie/.rvm/gems/ruby-2.0.0-p353@global/specifications/bundler-1.5.1.gemspec
I, [2013-12-30T17:05:07.649324 #18034]  INFO -- : 0:  builder (3.2.2) from /home/mie/.rvm/gems/ruby-2.0.0-p353@yucky/specifications/builder-3.2.2.gemspec
I, [2013-12-30T17:05:09.423342 #18034]  INFO -- : 0:  rubyzip (0.9.9) from /home/mie/.rvm/gems/ruby-2.0.0-p353@yucky/specifications/rubyzip-0.9.9.gemspec
I, [2013-12-30T17:05:09.423757 #18034]  INFO -- : 0:  eeepub (0.8.1) from /home/mie/.rvm/gems/ruby-2.0.0-p353@yucky/specifications/eeepub-0.8.1.gemspec
I, [2013-12-30T17:05:09.424037 #18034]  INFO -- : 0:  multipart-post (1.2.0) from /home/mie/.rvm/gems/ruby-2.0.0-p353@yucky/specifications/multipart-post-1.2.0.gemspec
I, [2013-12-30T17:05:09.424576 #18034]  INFO -- : 0:  faraday (0.8.8) from /home/mie/.rvm/gems/ruby-2.0.0-p353@yucky/specifications/faraday-0.8.8.gemspec
I, [2013-12-30T17:05:09.425129 #18034]  INFO -- : 0:  mini_portile (0.5.2) from /home/mie/.rvm/gems/ruby-2.0.0-p353@yucky/specifications/mini_portile-0.5.2.gemspec
I, [2013-12-30T17:05:09.425712 #18034]  INFO -- : 0:  nokogiri (1.6.1) from /home/mie/.rvm/gems/ruby-2.0.0-p353@yucky/specifications/nokogiri-1.6.1.gemspec
I, [2013-12-30T17:05:09.426264 #18034]  INFO -- : 0:  kindler (0.5.0) from /home/mie/.rvm/gems/ruby-2.0.0-p353@yucky/specifications/kindler-0.5.0.gemspec
I, [2013-12-30T17:05:09.426829 #18034]  INFO -- : 0:  kramdown (1.3.0) from /home/mie/.rvm/gems/ruby-2.0.0-p353@yucky/specifications/kramdown-1.3.0.gemspec
I, [2013-12-30T17:05:09.427399 #18034]  INFO -- : 0:  rack (1.5.2) from /home/mie/.rvm/gems/ruby-2.0.0-p353@yucky/specifications/rack-1.5.2.gemspec
I, [2013-12-30T17:05:09.427909 #18034]  INFO -- : 0:  rack-protection (1.5.1) from /home/mie/.rvm/gems/ruby-2.0.0-p353@yucky/specifications/rack-protection-1.5.1.gemspec
I, [2013-12-30T17:05:09.428393 #18034]  INFO -- : 0:  tilt (1.4.1) from /home/mie/.rvm/gems/ruby-2.0.0-p353@yucky/specifications/tilt-1.4.1.gemspec
I, [2013-12-30T17:05:09.428643 #18034]  INFO -- : 0:  sinatra (1.4.4) from /home/mie/.rvm/gems/ruby-2.0.0-p353@yucky/specifications/sinatra-1.4.4.gemspec
I, [2013-12-30T17:05:09.428974 #18034]  INFO -- : 0:  bundler (1.5.1) from /home/mie/.rvm/gems/ruby-2.0.0-p353@global/specifications/bundler-1.5.1.gemspec
I, [2013-12-30T17:37:14.902560 #22328]  INFO -- : 0:  multipart-post (1.2.0) from /home/mie/.rvm/gems/ruby-2.0.0-p353@yucky/specifications/multipart-post-1.2.0.gemspec
I, [2013-12-30T17:37:14.903295 #22328]  INFO -- : 0:  faraday (0.8.8) from /home/mie/.rvm/gems/ruby-2.0.0-p353@yucky/specifications/faraday-0.8.8.gemspec
I, [2013-12-30T17:37:14.903555 #22328]  INFO -- : 0:  mini_portile (0.5.2) from /home/mie/.rvm/gems/ruby-2.0.0-p353@yucky/specifications/mini_portile-0.5.2.gemspec
I, [2013-12-30T17:37:14.903808 #22328]  INFO -- : 0:  nokogiri (1.6.1) from /home/mie/.rvm/gems/ruby-2.0.0-p353@yucky/specifications/nokogiri-1.6.1.gemspec
I, [2013-12-30T17:37:14.904128 #22328]  INFO -- : 0:  rubyzip (0.9.9) from /home/mie/.rvm/gems/ruby-2.0.0-p353@yucky/specifications/rubyzip-0.9.9.gemspec
I, [2013-12-30T17:37:21.470532 #22328]  INFO -- : 0:  gepub (0.6.4.6) from /home/mie/.rvm/gems/ruby-2.0.0-p353@yucky/specifications/gepub-0.6.4.6.gemspec
I, [2013-12-30T17:37:21.470965 #22328]  INFO -- : 0:  kindler (0.5.0) from /home/mie/.rvm/gems/ruby-2.0.0-p353@yucky/specifications/kindler-0.5.0.gemspec
I, [2013-12-30T17:37:21.471195 #22328]  INFO -- : 0:  kramdown (1.3.0) from /home/mie/.rvm/gems/ruby-2.0.0-p353@yucky/specifications/kramdown-1.3.0.gemspec
I, [2013-12-30T17:37:21.471416 #22328]  INFO -- : 0:  rack (1.5.2) from /home/mie/.rvm/gems/ruby-2.0.0-p353@yucky/specifications/rack-1.5.2.gemspec
I, [2013-12-30T17:37:21.471636 #22328]  INFO -- : 0:  rack-protection (1.5.1) from /home/mie/.rvm/gems/ruby-2.0.0-p353@yucky/specifications/rack-protection-1.5.1.gemspec
I, [2013-12-30T17:37:21.471855 #22328]  INFO -- : 0:  tilt (1.4.1) from /home/mie/.rvm/gems/ruby-2.0.0-p353@yucky/specifications/tilt-1.4.1.gemspec
I, [2013-12-30T17:37:21.472071 #22328]  INFO -- : 0:  sinatra (1.4.4) from /home/mie/.rvm/gems/ruby-2.0.0-p353@yucky/specifications/sinatra-1.4.4.gemspec
I, [2013-12-30T17:37:21.472279 #22328]  INFO -- : 0:  bundler (1.5.1) from /home/mie/.rvm/gems/ruby-2.0.0-p353@global/specifications/bundler-1.5.1.gemspec
I, [2014-01-04T17:09:15.409173 #2293]  INFO -- : 0:  i18n (0.6.9) from /home/mie/.rvm/gems/ruby-2.0.0-p353@yucky/specifications/i18n-0.6.9.gemspec
I, [2014-01-04T17:09:17.161267 #2293]  INFO -- : 0:  minitest (4.7.5) from /home/mie/.rvm/gems/ruby-2.0.0-p353@yucky/specifications/minitest-4.7.5.gemspec
I, [2014-01-04T17:09:19.110195 #2293]  INFO -- : 0:  multi_json (1.8.2) from /home/mie/.rvm/gems/ruby-2.0.0-p353@yucky/specifications/multi_json-1.8.2.gemspec
I, [2014-01-04T17:09:22.061812 #2293]  INFO -- : 0:  atomic (1.1.14) from /home/mie/.rvm/gems/ruby-2.0.0-p353@yucky/specifications/atomic-1.1.14.gemspec
I, [2014-01-04T17:09:24.224540 #2293]  INFO -- : 0:  thread_safe (0.1.3) from /home/mie/.rvm/gems/ruby-2.0.0-p353@yucky/specifications/thread_safe-0.1.3.gemspec
I, [2014-01-04T17:09:26.723939 #2293]  INFO -- : 0:  tzinfo (0.3.38) from /home/mie/.rvm/gems/ruby-2.0.0-p353@yucky/specifications/tzinfo-0.3.38.gemspec
I, [2014-01-04T17:09:28.861082 #2293]  INFO -- : 0:  activesupport (4.0.2) from /home/mie/.rvm/gems/ruby-2.0.0-p353@yucky/specifications/activesupport-4.0.2.gemspec
I, [2014-01-04T17:09:30.508932 #2293]  INFO -- : 0:  bson (1.9.2) from /home/mie/.rvm/gems/ruby-2.0.0-p353@yucky/specifications/bson-1.9.2.gemspec
I, [2014-01-04T17:09:31.944291 #2293]  INFO -- : 0:  durran-validatable (2.0.1) from /home/mie/.rvm/gems/ruby-2.0.0-p353@yucky/specifications/durran-validatable-2.0.1.gemspec
I, [2014-01-04T17:09:31.945462 #2293]  INFO -- : 0:  multipart-post (1.2.0) from /home/mie/.rvm/gems/ruby-2.0.0-p353@yucky/specifications/multipart-post-1.2.0.gemspec
I, [2014-01-04T17:09:31.946184 #2293]  INFO -- : 0:  faraday (0.8.8) from /home/mie/.rvm/gems/ruby-2.0.0-p353@yucky/specifications/faraday-0.8.8.gemspec
I, [2014-01-04T17:09:31.946752 #2293]  INFO -- : 0:  mini_portile (0.5.2) from /home/mie/.rvm/gems/ruby-2.0.0-p353@yucky/specifications/mini_portile-0.5.2.gemspec
I, [2014-01-04T17:09:31.947302 #2293]  INFO -- : 0:  nokogiri (1.6.1) from /home/mie/.rvm/gems/ruby-2.0.0-p353@yucky/specifications/nokogiri-1.6.1.gemspec
I, [2014-01-04T17:09:31.947858 #2293]  INFO -- : 0:  rubyzip (0.9.9) from /home/mie/.rvm/gems/ruby-2.0.0-p353@yucky/specifications/rubyzip-0.9.9.gemspec
I, [2014-01-04T17:09:31.948399 #2293]  INFO -- : 0:  gepub (0.6.4.6) from /home/mie/.rvm/gems/ruby-2.0.0-p353@yucky/specifications/gepub-0.6.4.6.gemspec
I, [2014-01-04T17:09:31.948627 #2293]  INFO -- : 0:  kindler (0.5.0) from /home/mie/.rvm/gems/ruby-2.0.0-p353@yucky/specifications/kindler-0.5.0.gemspec
I, [2014-01-04T17:09:31.949027 #2293]  INFO -- : 0:  kramdown (1.3.0) from /home/mie/.rvm/gems/ruby-2.0.0-p353@yucky/specifications/kramdown-1.3.0.gemspec
I, [2014-01-04T17:09:33.559927 #2293]  INFO -- : 0:  leshill-will_paginate (2.3.11) from /home/mie/.rvm/gems/ruby-2.0.0-p353@yucky/specifications/leshill-will_paginate-2.3.11.gemspec
I, [2014-01-04T17:09:35.409246 #2293]  INFO -- : 0:  mongo (1.9.2) from /home/mie/.rvm/gems/ruby-2.0.0-p353@yucky/specifications/mongo-1.9.2.gemspec
I, [2014-01-04T17:09:37.158008 #2293]  INFO -- : 0:  mongoid (1.0.6) from /home/mie/.rvm/gems/ruby-2.0.0-p353@yucky/specifications/mongoid-1.0.6.gemspec
I, [2014-01-04T17:09:38.542480 #2293]  INFO -- : 0:  mongoid-pagination (0.2.0) from /home/mie/.rvm/gems/ruby-2.0.0-p353@yucky/specifications/mongoid-pagination-0.2.0.gemspec
I, [2014-01-04T17:09:38.543565 #2293]  INFO -- : 0:  rack (1.5.2) from /home/mie/.rvm/gems/ruby-2.0.0-p353@yucky/specifications/rack-1.5.2.gemspec
I, [2014-01-04T17:09:40.273171 #2293]  INFO -- : 0:  redis (3.0.6) from /home/mie/.rvm/gems/ruby-2.0.0-p353@yucky/specifications/redis-3.0.6.gemspec
I, [2014-01-04T17:09:41.955607 #2293]  INFO -- : 0:  sinatra (1.0) from /home/mie/.rvm/gems/ruby-2.0.0-p353@yucky/specifications/sinatra-1.0.gemspec
I, [2014-01-04T17:09:43.538685 #2293]  INFO -- : 0:  temple (0.6.7) from /home/mie/.rvm/gems/ruby-2.0.0-p353@yucky/specifications/temple-0.6.7.gemspec
I, [2014-01-04T17:09:45.186876 #2293]  INFO -- : 0:  tilt (2.0.0) from /home/mie/.rvm/gems/ruby-2.0.0-p353@yucky/specifications/tilt-2.0.0.gemspec
I, [2014-01-04T17:09:46.877413 #2293]  INFO -- : 0:  slim (2.0.2) from /home/mie/.rvm/gems/ruby-2.0.0-p353@yucky/specifications/slim-2.0.2.gemspec
I, [2014-01-04T17:09:46.878300 #2293]  INFO -- : 0:  bundler (1.5.1) from /home/mie/.rvm/gems/ruby-2.0.0-p353@global/specifications/bundler-1.5.1.gemspec
I, [2014-01-04T17:28:46.635353 #3496]  INFO -- : 0:  i18n (0.6.9) from /home/mie/.rvm/gems/ruby-2.0.0-p353@yucky/specifications/i18n-0.6.9.gemspec
I, [2014-01-04T17:28:46.636063 #3496]  INFO -- : 0:  minitest (4.7.5) from /home/mie/.rvm/gems/ruby-2.0.0-p353@yucky/specifications/minitest-4.7.5.gemspec
I, [2014-01-04T17:28:46.636418 #3496]  INFO -- : 0:  multi_json (1.8.2) from /home/mie/.rvm/gems/ruby-2.0.0-p353@yucky/specifications/multi_json-1.8.2.gemspec
I, [2014-01-04T17:28:46.636703 #3496]  INFO -- : 0:  atomic (1.1.14) from /home/mie/.rvm/gems/ruby-2.0.0-p353@yucky/specifications/atomic-1.1.14.gemspec
I, [2014-01-04T17:28:46.637000 #3496]  INFO -- : 0:  thread_safe (0.1.3) from /home/mie/.rvm/gems/ruby-2.0.0-p353@yucky/specifications/thread_safe-0.1.3.gemspec
I, [2014-01-04T17:28:46.637269 #3496]  INFO -- : 0:  tzinfo (0.3.38) from /home/mie/.rvm/gems/ruby-2.0.0-p353@yucky/specifications/tzinfo-0.3.38.gemspec
I, [2014-01-04T17:28:46.637533 #3496]  INFO -- : 0:  activesupport (4.0.2) from /home/mie/.rvm/gems/ruby-2.0.0-p353@yucky/specifications/activesupport-4.0.2.gemspec
I, [2014-01-04T17:28:46.637815 #3496]  INFO -- : 0:  bson (1.9.2) from /home/mie/.rvm/gems/ruby-2.0.0-p353@yucky/specifications/bson-1.9.2.gemspec
I, [2014-01-04T17:28:48.165570 #3496]  INFO -- : 0:  timers (1.1.0) from /home/mie/.rvm/gems/ruby-2.0.0-p353@yucky/specifications/timers-1.1.0.gemspec
I, [2014-01-04T17:28:49.905833 #3496]  INFO -- : 0:  celluloid (0.15.2) from /home/mie/.rvm/gems/ruby-2.0.0-p353@yucky/specifications/celluloid-0.15.2.gemspec
I, [2014-01-04T17:28:51.364397 #3496]  INFO -- : 0:  connection_pool (1.2.0) from /home/mie/.rvm/gems/ruby-2.0.0-p353@yucky/specifications/connection_pool-1.2.0.gemspec
I, [2014-01-04T17:28:51.364769 #3496]  INFO -- : 0:  durran-validatable (2.0.1) from /home/mie/.rvm/gems/ruby-2.0.0-p353@yucky/specifications/durran-validatable-2.0.1.gemspec
I, [2014-01-04T17:28:51.365002 #3496]  INFO -- : 0:  multipart-post (1.2.0) from /home/mie/.rvm/gems/ruby-2.0.0-p353@yucky/specifications/multipart-post-1.2.0.gemspec
I, [2014-01-04T17:28:51.365224 #3496]  INFO -- : 0:  faraday (0.8.8) from /home/mie/.rvm/gems/ruby-2.0.0-p353@yucky/specifications/faraday-0.8.8.gemspec
I, [2014-01-04T17:28:51.365445 #3496]  INFO -- : 0:  mini_portile (0.5.2) from /home/mie/.rvm/gems/ruby-2.0.0-p353@yucky/specifications/mini_portile-0.5.2.gemspec
I, [2014-01-04T17:28:51.365660 #3496]  INFO -- : 0:  nokogiri (1.6.1) from /home/mie/.rvm/gems/ruby-2.0.0-p353@yucky/specifications/nokogiri-1.6.1.gemspec
I, [2014-01-04T17:28:51.366083 #3496]  INFO -- : 0:  rubyzip (0.9.9) from /home/mie/.rvm/gems/ruby-2.0.0-p353@yucky/specifications/rubyzip-0.9.9.gemspec
I, [2014-01-04T17:28:51.366658 #3496]  INFO -- : 0:  gepub (0.6.4.6) from /home/mie/.rvm/gems/ruby-2.0.0-p353@yucky/specifications/gepub-0.6.4.6.gemspec
I, [2014-01-04T17:28:54.390424 #3496]  INFO -- : 0:  json (1.8.1) from /home/mie/.rvm/gems/ruby-2.0.0-p353@yucky/specifications/json-1.8.1.gemspec
I, [2014-01-04T17:28:54.391490 #3496]  INFO -- : 0:  kindler (0.5.0) from /home/mie/.rvm/gems/ruby-2.0.0-p353@yucky/specifications/kindler-0.5.0.gemspec
I, [2014-01-04T17:28:54.392173 #3496]  INFO -- : 0:  kramdown (1.3.0) from /home/mie/.rvm/gems/ruby-2.0.0-p353@yucky/specifications/kramdown-1.3.0.gemspec
I, [2014-01-04T17:28:54.392841 #3496]  INFO -- : 0:  leshill-will_paginate (2.3.11) from /home/mie/.rvm/gems/ruby-2.0.0-p353@yucky/specifications/leshill-will_paginate-2.3.11.gemspec
I, [2014-01-04T17:28:54.393493 #3496]  INFO -- : 0:  mongo (1.9.2) from /home/mie/.rvm/gems/ruby-2.0.0-p353@yucky/specifications/mongo-1.9.2.gemspec
I, [2014-01-04T17:28:54.394034 #3496]  INFO -- : 0:  mongoid (1.0.6) from /home/mie/.rvm/gems/ruby-2.0.0-p353@yucky/specifications/mongoid-1.0.6.gemspec
I, [2014-01-04T17:28:54.394290 #3496]  INFO -- : 0:  mongoid-pagination (0.2.0) from /home/mie/.rvm/gems/ruby-2.0.0-p353@yucky/specifications/mongoid-pagination-0.2.0.gemspec
I, [2014-01-04T17:28:54.394546 #3496]  INFO -- : 0:  rack (1.5.2) from /home/mie/.rvm/gems/ruby-2.0.0-p353@yucky/specifications/rack-1.5.2.gemspec
I, [2014-01-04T17:28:54.394806 #3496]  INFO -- : 0:  redis (3.0.6) from /home/mie/.rvm/gems/ruby-2.0.0-p353@yucky/specifications/redis-3.0.6.gemspec
I, [2014-01-04T17:28:55.841093 #3496]  INFO -- : 0:  redis-namespace (1.4.1) from /home/mie/.rvm/gems/ruby-2.0.0-p353@yucky/specifications/redis-namespace-1.4.1.gemspec
I, [2014-01-04T17:28:58.199249 #3496]  INFO -- : 0:  sidekiq (2.17.2) from /home/mie/.rvm/gems/ruby-2.0.0-p353@yucky/specifications/sidekiq-2.17.2.gemspec
I, [2014-01-04T17:28:59.699941 #3496]  INFO -- : 0:  sidekiq-limit_fetch (2.1.2) from /home/mie/.rvm/gems/ruby-2.0.0-p353@yucky/specifications/sidekiq-limit_fetch-2.1.2.gemspec
I, [2014-01-04T17:28:59.700818 #3496]  INFO -- : 0:  sinatra (1.0) from /home/mie/.rvm/gems/ruby-2.0.0-p353@yucky/specifications/sinatra-1.0.gemspec
I, [2014-01-04T17:28:59.701388 #3496]  INFO -- : 0:  temple (0.6.7) from /home/mie/.rvm/gems/ruby-2.0.0-p353@yucky/specifications/temple-0.6.7.gemspec
I, [2014-01-04T17:28:59.701876 #3496]  INFO -- : 0:  tilt (2.0.0) from /home/mie/.rvm/gems/ruby-2.0.0-p353@yucky/specifications/tilt-2.0.0.gemspec
I, [2014-01-04T17:28:59.702384 #3496]  INFO -- : 0:  slim (2.0.2) from /home/mie/.rvm/gems/ruby-2.0.0-p353@yucky/specifications/slim-2.0.2.gemspec
I, [2014-01-04T17:28:59.702937 #3496]  INFO -- : 0:  bundler (1.5.1) from /home/mie/.rvm/gems/ruby-2.0.0-p353@global/specifications/bundler-1.5.1.gemspec
I, [2014-01-04T19:10:23.691682 #10430]  INFO -- : 0:  i18n (0.6.9) from /home/mie/.rvm/gems/ruby-2.0.0-p353@yucky/specifications/i18n-0.6.9.gemspec
I, [2014-01-04T19:10:23.692974 #10430]  INFO -- : 0:  minitest (4.7.5) from /home/mie/.rvm/gems/ruby-2.0.0-p353@yucky/specifications/minitest-4.7.5.gemspec
I, [2014-01-04T19:10:23.693574 #10430]  INFO -- : 0:  multi_json (1.8.2) from /home/mie/.rvm/gems/ruby-2.0.0-p353@yucky/specifications/multi_json-1.8.2.gemspec
I, [2014-01-04T19:10:23.694222 #10430]  INFO -- : 0:  atomic (1.1.14) from /home/mie/.rvm/gems/ruby-2.0.0-p353@yucky/specifications/atomic-1.1.14.gemspec
I, [2014-01-04T19:10:23.694980 #10430]  INFO -- : 0:  thread_safe (0.1.3) from /home/mie/.rvm/gems/ruby-2.0.0-p353@yucky/specifications/thread_safe-0.1.3.gemspec
I, [2014-01-04T19:10:23.695638 #10430]  INFO -- : 0:  tzinfo (0.3.38) from /home/mie/.rvm/gems/ruby-2.0.0-p353@yucky/specifications/tzinfo-0.3.38.gemspec
I, [2014-01-04T19:10:23.696198 #10430]  INFO -- : 0:  activesupport (4.0.2) from /home/mie/.rvm/gems/ruby-2.0.0-p353@yucky/specifications/activesupport-4.0.2.gemspec
I, [2014-01-04T19:10:23.696851 #10430]  INFO -- : 0:  bson (1.9.2) from /home/mie/.rvm/gems/ruby-2.0.0-p353@yucky/specifications/bson-1.9.2.gemspec
I, [2014-01-04T19:10:26.425719 #10430]  INFO -- : 0:  bson_ext (1.9.2) from /home/mie/.rvm/gems/ruby-2.0.0-p353@yucky/specifications/bson_ext-1.9.2.gemspec
I, [2014-01-04T19:10:26.426870 #10430]  INFO -- : 0:  timers (1.1.0) from /home/mie/.rvm/gems/ruby-2.0.0-p353@yucky/specifications/timers-1.1.0.gemspec
I, [2014-01-04T19:10:26.427498 #10430]  INFO -- : 0:  celluloid (0.15.2) from /home/mie/.rvm/gems/ruby-2.0.0-p353@yucky/specifications/celluloid-0.15.2.gemspec
I, [2014-01-04T19:10:26.428084 #10430]  INFO -- : 0:  connection_pool (1.2.0) from /home/mie/.rvm/gems/ruby-2.0.0-p353@yucky/specifications/connection_pool-1.2.0.gemspec
I, [2014-01-04T19:10:26.428665 #10430]  INFO -- : 0:  durran-validatable (2.0.1) from /home/mie/.rvm/gems/ruby-2.0.0-p353@yucky/specifications/durran-validatable-2.0.1.gemspec
I, [2014-01-04T19:10:26.429239 #10430]  INFO -- : 0:  multipart-post (1.2.0) from /home/mie/.rvm/gems/ruby-2.0.0-p353@yucky/specifications/multipart-post-1.2.0.gemspec
I, [2014-01-04T19:10:26.429832 #10430]  INFO -- : 0:  faraday (0.8.8) from /home/mie/.rvm/gems/ruby-2.0.0-p353@yucky/specifications/faraday-0.8.8.gemspec
I, [2014-01-04T19:10:26.430408 #10430]  INFO -- : 0:  mini_portile (0.5.2) from /home/mie/.rvm/gems/ruby-2.0.0-p353@yucky/specifications/mini_portile-0.5.2.gemspec
I, [2014-01-04T19:10:26.430975 #10430]  INFO -- : 0:  nokogiri (1.6.1) from /home/mie/.rvm/gems/ruby-2.0.0-p353@yucky/specifications/nokogiri-1.6.1.gemspec
I, [2014-01-04T19:10:26.431558 #10430]  INFO -- : 0:  rubyzip (0.9.9) from /home/mie/.rvm/gems/ruby-2.0.0-p353@yucky/specifications/rubyzip-0.9.9.gemspec
I, [2014-01-04T19:10:26.432125 #10430]  INFO -- : 0:  gepub (0.6.4.6) from /home/mie/.rvm/gems/ruby-2.0.0-p353@yucky/specifications/gepub-0.6.4.6.gemspec
I, [2014-01-04T19:10:26.432688 #10430]  INFO -- : 0:  json (1.8.1) from /home/mie/.rvm/gems/ruby-2.0.0-p353@yucky/specifications/json-1.8.1.gemspec
I, [2014-01-04T19:10:26.433504 #10430]  INFO -- : 0:  kindler (0.5.0) from /home/mie/.rvm/gems/ruby-2.0.0-p353@yucky/specifications/kindler-0.5.0.gemspec
I, [2014-01-04T19:10:26.434798 #10430]  INFO -- : 0:  kramdown (1.3.0) from /home/mie/.rvm/gems/ruby-2.0.0-p353@yucky/specifications/kramdown-1.3.0.gemspec
I, [2014-01-04T19:10:26.435586 #10430]  INFO -- : 0:  leshill-will_paginate (2.3.11) from /home/mie/.rvm/gems/ruby-2.0.0-p353@yucky/specifications/leshill-will_paginate-2.3.11.gemspec
I, [2014-01-04T19:10:26.436211 #10430]  INFO -- : 0:  mongo (1.9.2) from /home/mie/.rvm/gems/ruby-2.0.0-p353@yucky/specifications/mongo-1.9.2.gemspec
I, [2014-01-04T19:10:26.436830 #10430]  INFO -- : 0:  mongoid (1.0.6) from /home/mie/.rvm/gems/ruby-2.0.0-p353@yucky/specifications/mongoid-1.0.6.gemspec
I, [2014-01-04T19:10:26.437440 #10430]  INFO -- : 0:  mongoid-pagination (0.2.0) from /home/mie/.rvm/gems/ruby-2.0.0-p353@yucky/specifications/mongoid-pagination-0.2.0.gemspec
I, [2014-01-04T19:10:26.438120 #10430]  INFO -- : 0:  rack (1.5.2) from /home/mie/.rvm/gems/ruby-2.0.0-p353@yucky/specifications/rack-1.5.2.gemspec
I, [2014-01-04T19:10:26.438720 #10430]  INFO -- : 0:  redis (3.0.6) from /home/mie/.rvm/gems/ruby-2.0.0-p353@yucky/specifications/redis-3.0.6.gemspec
I, [2014-01-04T19:10:26.439320 #10430]  INFO -- : 0:  redis-namespace (1.4.1) from /home/mie/.rvm/gems/ruby-2.0.0-p353@yucky/specifications/redis-namespace-1.4.1.gemspec
I, [2014-01-04T19:10:26.439987 #10430]  INFO -- : 0:  sidekiq (2.17.2) from /home/mie/.rvm/gems/ruby-2.0.0-p353@yucky/specifications/sidekiq-2.17.2.gemspec
I, [2014-01-04T19:10:26.440393 #10430]  INFO -- : 0:  sidekiq-limit_fetch (2.1.2) from /home/mie/.rvm/gems/ruby-2.0.0-p353@yucky/specifications/sidekiq-limit_fetch-2.1.2.gemspec
I, [2014-01-04T19:10:26.440899 #10430]  INFO -- : 0:  sinatra (1.0) from /home/mie/.rvm/gems/ruby-2.0.0-p353@yucky/specifications/sinatra-1.0.gemspec
I, [2014-01-04T19:10:26.441484 #10430]  INFO -- : 0:  temple (0.6.7) from /home/mie/.rvm/gems/ruby-2.0.0-p353@yucky/specifications/temple-0.6.7.gemspec
I, [2014-01-04T19:10:26.442132 #10430]  INFO -- : 0:  tilt (2.0.0) from /home/mie/.rvm/gems/ruby-2.0.0-p353@yucky/specifications/tilt-2.0.0.gemspec
I, [2014-01-04T19:10:26.442721 #10430]  INFO -- : 0:  slim (2.0.2) from /home/mie/.rvm/gems/ruby-2.0.0-p353@yucky/specifications/slim-2.0.2.gemspec
I, [2014-01-04T19:10:26.443282 #10430]  INFO -- : 0:  bundler (1.5.1) from /home/mie/.rvm/gems/ruby-2.0.0-p353@global/specifications/bundler-1.5.1.gemspec
I, [2014-01-04T19:13:48.089169 #11249]  INFO -- : 0:  i18n (0.6.9) from /home/mie/.rvm/gems/ruby-2.0.0-p353@yucky/specifications/i18n-0.6.9.gemspec
I, [2014-01-04T19:13:48.103920 #11249]  INFO -- : 0:  minitest (4.7.5) from /home/mie/.rvm/gems/ruby-2.0.0-p353@yucky/specifications/minitest-4.7.5.gemspec
I, [2014-01-04T19:13:48.104550 #11249]  INFO -- : 0:  multi_json (1.8.2) from /home/mie/.rvm/gems/ruby-2.0.0-p353@yucky/specifications/multi_json-1.8.2.gemspec
I, [2014-01-04T19:13:48.105157 #11249]  INFO -- : 0:  atomic (1.1.14) from /home/mie/.rvm/gems/ruby-2.0.0-p353@yucky/specifications/atomic-1.1.14.gemspec
I, [2014-01-04T19:13:48.105798 #11249]  INFO -- : 0:  thread_safe (0.1.3) from /home/mie/.rvm/gems/ruby-2.0.0-p353@yucky/specifications/thread_safe-0.1.3.gemspec
I, [2014-01-04T19:13:48.106672 #11249]  INFO -- : 0:  tzinfo (0.3.38) from /home/mie/.rvm/gems/ruby-2.0.0-p353@yucky/specifications/tzinfo-0.3.38.gemspec
I, [2014-01-04T19:13:48.107357 #11249]  INFO -- : 0:  activesupport (4.0.2) from /home/mie/.rvm/gems/ruby-2.0.0-p353@yucky/specifications/activesupport-4.0.2.gemspec
I, [2014-01-04T19:13:49.751198 #11249]  INFO -- : 0:  builder (3.1.4) from /home/mie/.rvm/gems/ruby-2.0.0-p353@yucky/specifications/builder-3.1.4.gemspec
I, [2014-01-04T19:13:51.300556 #11249]  INFO -- : 0:  activemodel (4.0.2) from /home/mie/.rvm/gems/ruby-2.0.0-p353@yucky/specifications/activemodel-4.0.2.gemspec
I, [2014-01-04T19:13:53.418867 #11249]  INFO -- : 0:  bson (2.0.0) from /home/mie/.rvm/gems/ruby-2.0.0-p353@yucky/specifications/bson-2.0.0.gemspec
I, [2014-01-04T19:14:00.926348 #11249]  INFO -- : 0:  bson_ext (1.5.1) from /home/mie/.rvm/gems/ruby-2.0.0-p353@yucky/specifications/bson_ext-1.5.1.gemspec
I, [2014-01-04T19:14:00.926891 #11249]  INFO -- : 0:  timers (1.1.0) from /home/mie/.rvm/gems/ruby-2.0.0-p353@yucky/specifications/timers-1.1.0.gemspec
I, [2014-01-04T19:14:00.927163 #11249]  INFO -- : 0:  celluloid (0.15.2) from /home/mie/.rvm/gems/ruby-2.0.0-p353@yucky/specifications/celluloid-0.15.2.gemspec
I, [2014-01-04T19:14:00.927424 #11249]  INFO -- : 0:  connection_pool (1.2.0) from /home/mie/.rvm/gems/ruby-2.0.0-p353@yucky/specifications/connection_pool-1.2.0.gemspec
I, [2014-01-04T19:14:00.927705 #11249]  INFO -- : 0:  multipart-post (1.2.0) from /home/mie/.rvm/gems/ruby-2.0.0-p353@yucky/specifications/multipart-post-1.2.0.gemspec
I, [2014-01-04T19:14:00.927959 #11249]  INFO -- : 0:  faraday (0.8.8) from /home/mie/.rvm/gems/ruby-2.0.0-p353@yucky/specifications/faraday-0.8.8.gemspec
I, [2014-01-04T19:14:00.928211 #11249]  INFO -- : 0:  mini_portile (0.5.2) from /home/mie/.rvm/gems/ruby-2.0.0-p353@yucky/specifications/mini_portile-0.5.2.gemspec
I, [2014-01-04T19:14:00.928457 #11249]  INFO -- : 0:  nokogiri (1.6.1) from /home/mie/.rvm/gems/ruby-2.0.0-p353@yucky/specifications/nokogiri-1.6.1.gemspec
I, [2014-01-04T19:14:00.928716 #11249]  INFO -- : 0:  rubyzip (0.9.9) from /home/mie/.rvm/gems/ruby-2.0.0-p353@yucky/specifications/rubyzip-0.9.9.gemspec
I, [2014-01-04T19:14:00.928952 #11249]  INFO -- : 0:  gepub (0.6.4.6) from /home/mie/.rvm/gems/ruby-2.0.0-p353@yucky/specifications/gepub-0.6.4.6.gemspec
I, [2014-01-04T19:14:00.929197 #11249]  INFO -- : 0:  json (1.8.1) from /home/mie/.rvm/gems/ruby-2.0.0-p353@yucky/specifications/json-1.8.1.gemspec
I, [2014-01-04T19:14:00.929528 #11249]  INFO -- : 0:  kindler (0.5.0) from /home/mie/.rvm/gems/ruby-2.0.0-p353@yucky/specifications/kindler-0.5.0.gemspec
I, [2014-01-04T19:14:00.929820 #11249]  INFO -- : 0:  kramdown (1.3.0) from /home/mie/.rvm/gems/ruby-2.0.0-p353@yucky/specifications/kramdown-1.3.0.gemspec
I, [2014-01-04T19:14:02.459548 #11249]  INFO -- : 0:  optionable (0.2.0) from /home/mie/.rvm/gems/ruby-2.0.0-p353@yucky/specifications/optionable-0.2.0.gemspec
I, [2014-01-04T19:14:04.141678 #11249]  INFO -- : 0:  moped (2.0.0.beta4) from /home/mie/.rvm/gems/ruby-2.0.0-p353@yucky/specifications/moped-2.0.0.beta4.gemspec
I, [2014-01-04T19:14:06.003639 #11249]  INFO -- : 0:  origin (2.0.0) from /home/mie/.rvm/gems/ruby-2.0.0-p353@yucky/specifications/origin-2.0.0.gemspec
I, [2014-01-04T19:14:06.644672 #11249]  INFO -- : 0:  mongoid (4.0.0.alpha1) from /home/mie/.rvm/gems/ruby-2.0.0-p353@yucky/bundler/gems/mongoid-221abac035d4/mongoid.gemspec
I, [2014-01-04T19:14:06.645094 #11249]  INFO -- : 0:  mongoid-pagination (0.2.0) from /home/mie/.rvm/gems/ruby-2.0.0-p353@yucky/specifications/mongoid-pagination-0.2.0.gemspec
I, [2014-01-04T19:14:06.645347 #11249]  INFO -- : 0:  rack (1.5.2) from /home/mie/.rvm/gems/ruby-2.0.0-p353@yucky/specifications/rack-1.5.2.gemspec
I, [2014-01-04T19:14:06.645585 #11249]  INFO -- : 0:  redis (3.0.6) from /home/mie/.rvm/gems/ruby-2.0.0-p353@yucky/specifications/redis-3.0.6.gemspec
I, [2014-01-04T19:14:06.645856 #11249]  INFO -- : 0:  redis-namespace (1.4.1) from /home/mie/.rvm/gems/ruby-2.0.0-p353@yucky/specifications/redis-namespace-1.4.1.gemspec
I, [2014-01-04T19:14:06.646087 #11249]  INFO -- : 0:  sidekiq (2.17.2) from /home/mie/.rvm/gems/ruby-2.0.0-p353@yucky/specifications/sidekiq-2.17.2.gemspec
I, [2014-01-04T19:14:06.646316 #11249]  INFO -- : 0:  sidekiq-limit_fetch (2.1.2) from /home/mie/.rvm/gems/ruby-2.0.0-p353@yucky/specifications/sidekiq-limit_fetch-2.1.2.gemspec
I, [2014-01-04T19:14:06.646551 #11249]  INFO -- : 0:  sinatra (1.0) from /home/mie/.rvm/gems/ruby-2.0.0-p353@yucky/specifications/sinatra-1.0.gemspec
I, [2014-01-04T19:14:06.646777 #11249]  INFO -- : 0:  temple (0.6.7) from /home/mie/.rvm/gems/ruby-2.0.0-p353@yucky/specifications/temple-0.6.7.gemspec
I, [2014-01-04T19:14:06.647007 #11249]  INFO -- : 0:  tilt (2.0.0) from /home/mie/.rvm/gems/ruby-2.0.0-p353@yucky/specifications/tilt-2.0.0.gemspec
I, [2014-01-04T19:14:06.647229 #11249]  INFO -- : 0:  slim (2.0.2) from /home/mie/.rvm/gems/ruby-2.0.0-p353@yucky/specifications/slim-2.0.2.gemspec
I, [2014-01-04T19:14:06.647477 #11249]  INFO -- : 0:  bundler (1.5.1) from /home/mie/.rvm/gems/ruby-2.0.0-p353@global/specifications/bundler-1.5.1.gemspec
I, [2014-01-04T19:16:41.768663 #11628]  INFO -- : 0:  i18n (0.6.9) from /home/mie/.rvm/gems/ruby-2.0.0-p353@yucky/specifications/i18n-0.6.9.gemspec
I, [2014-01-04T19:16:41.769016 #11628]  INFO -- : 0:  minitest (4.7.5) from /home/mie/.rvm/gems/ruby-2.0.0-p353@yucky/specifications/minitest-4.7.5.gemspec
I, [2014-01-04T19:16:41.769263 #11628]  INFO -- : 0:  multi_json (1.8.2) from /home/mie/.rvm/gems/ruby-2.0.0-p353@yucky/specifications/multi_json-1.8.2.gemspec
I, [2014-01-04T19:16:41.769513 #11628]  INFO -- : 0:  atomic (1.1.14) from /home/mie/.rvm/gems/ruby-2.0.0-p353@yucky/specifications/atomic-1.1.14.gemspec
I, [2014-01-04T19:16:41.769761 #11628]  INFO -- : 0:  thread_safe (0.1.3) from /home/mie/.rvm/gems/ruby-2.0.0-p353@yucky/specifications/thread_safe-0.1.3.gemspec
I, [2014-01-04T19:16:41.769994 #11628]  INFO -- : 0:  tzinfo (0.3.38) from /home/mie/.rvm/gems/ruby-2.0.0-p353@yucky/specifications/tzinfo-0.3.38.gemspec
I, [2014-01-04T19:16:41.770266 #11628]  INFO -- : 0:  activesupport (4.0.2) from /home/mie/.rvm/gems/ruby-2.0.0-p353@yucky/specifications/activesupport-4.0.2.gemspec
I, [2014-01-04T19:16:41.770508 #11628]  INFO -- : 0:  builder (3.1.4) from /home/mie/.rvm/gems/ruby-2.0.0-p353@yucky/specifications/builder-3.1.4.gemspec
I, [2014-01-04T19:16:41.770742 #11628]  INFO -- : 0:  activemodel (4.0.2) from /home/mie/.rvm/gems/ruby-2.0.0-p353@yucky/specifications/activemodel-4.0.2.gemspec
I, [2014-01-04T19:16:41.770982 #11628]  INFO -- : 0:  bson (2.0.0) from /home/mie/.rvm/gems/ruby-2.0.0-p353@yucky/specifications/bson-2.0.0.gemspec
I, [2014-01-04T19:16:41.771216 #11628]  INFO -- : 0:  bson_ext (1.5.1) from /home/mie/.rvm/gems/ruby-2.0.0-p353@yucky/specifications/bson_ext-1.5.1.gemspec
I, [2014-01-04T19:16:41.771437 #11628]  INFO -- : 0:  timers (1.1.0) from /home/mie/.rvm/gems/ruby-2.0.0-p353@yucky/specifications/timers-1.1.0.gemspec
I, [2014-01-04T19:16:41.771669 #11628]  INFO -- : 0:  celluloid (0.15.2) from /home/mie/.rvm/gems/ruby-2.0.0-p353@yucky/specifications/celluloid-0.15.2.gemspec
I, [2014-01-04T19:16:41.771894 #11628]  INFO -- : 0:  connection_pool (1.2.0) from /home/mie/.rvm/gems/ruby-2.0.0-p353@yucky/specifications/connection_pool-1.2.0.gemspec
I, [2014-01-04T19:16:41.772111 #11628]  INFO -- : 0:  daemons (1.1.9) from /home/mie/.rvm/gems/ruby-2.0.0-p353@yucky/specifications/daemons-1.1.9.gemspec
I, [2014-01-04T19:16:41.772332 #11628]  INFO -- : 0:  eventmachine (1.0.3) from /home/mie/.rvm/gems/ruby-2.0.0-p353@yucky/specifications/eventmachine-1.0.3.gemspec
I, [2014-01-04T19:16:41.772550 #11628]  INFO -- : 0:  multipart-post (1.2.0) from /home/mie/.rvm/gems/ruby-2.0.0-p353@yucky/specifications/multipart-post-1.2.0.gemspec
I, [2014-01-04T19:16:41.772756 #11628]  INFO -- : 0:  faraday (0.8.8) from /home/mie/.rvm/gems/ruby-2.0.0-p353@yucky/specifications/faraday-0.8.8.gemspec
I, [2014-01-04T19:16:41.772973 #11628]  INFO -- : 0:  mini_portile (0.5.2) from /home/mie/.rvm/gems/ruby-2.0.0-p353@yucky/specifications/mini_portile-0.5.2.gemspec
I, [2014-01-04T19:16:41.773187 #11628]  INFO -- : 0:  nokogiri (1.6.1) from /home/mie/.rvm/gems/ruby-2.0.0-p353@yucky/specifications/nokogiri-1.6.1.gemspec
I, [2014-01-04T19:16:41.773409 #11628]  INFO -- : 0:  rubyzip (0.9.9) from /home/mie/.rvm/gems/ruby-2.0.0-p353@yucky/specifications/rubyzip-0.9.9.gemspec
I, [2014-01-04T19:16:41.773628 #11628]  INFO -- : 0:  gepub (0.6.4.6) from /home/mie/.rvm/gems/ruby-2.0.0-p353@yucky/specifications/gepub-0.6.4.6.gemspec
I, [2014-01-04T19:16:41.773855 #11628]  INFO -- : 0:  json (1.8.1) from /home/mie/.rvm/gems/ruby-2.0.0-p353@yucky/specifications/json-1.8.1.gemspec
I, [2014-01-04T19:16:41.774061 #11628]  INFO -- : 0:  kindler (0.5.0) from /home/mie/.rvm/gems/ruby-2.0.0-p353@yucky/specifications/kindler-0.5.0.gemspec
I, [2014-01-04T19:16:41.774278 #11628]  INFO -- : 0:  kramdown (1.3.0) from /home/mie/.rvm/gems/ruby-2.0.0-p353@yucky/specifications/kramdown-1.3.0.gemspec
I, [2014-01-04T19:16:41.774534 #11628]  INFO -- : 0:  optionable (0.2.0) from /home/mie/.rvm/gems/ruby-2.0.0-p353@yucky/specifications/optionable-0.2.0.gemspec
I, [2014-01-04T19:16:41.774754 #11628]  INFO -- : 0:  moped (2.0.0.beta4) from /home/mie/.rvm/gems/ruby-2.0.0-p353@yucky/specifications/moped-2.0.0.beta4.gemspec
I, [2014-01-04T19:16:41.774973 #11628]  INFO -- : 0:  origin (2.0.0) from /home/mie/.rvm/gems/ruby-2.0.0-p353@yucky/specifications/origin-2.0.0.gemspec
I, [2014-01-04T19:16:42.280141 #11628]  INFO -- : 0:  mongoid (4.0.0.alpha1) from /home/mie/.rvm/gems/ruby-2.0.0-p353@yucky/bundler/gems/mongoid-221abac035d4/mongoid.gemspec
I, [2014-01-04T19:16:42.280540 #11628]  INFO -- : 0:  mongoid-pagination (0.2.0) from /home/mie/.rvm/gems/ruby-2.0.0-p353@yucky/specifications/mongoid-pagination-0.2.0.gemspec
I, [2014-01-04T19:16:42.280813 #11628]  INFO -- : 0:  rack (1.5.2) from /home/mie/.rvm/gems/ruby-2.0.0-p353@yucky/specifications/rack-1.5.2.gemspec
I, [2014-01-04T19:16:42.281056 #11628]  INFO -- : 0:  redis (3.0.6) from /home/mie/.rvm/gems/ruby-2.0.0-p353@yucky/specifications/redis-3.0.6.gemspec
I, [2014-01-04T19:16:42.281292 #11628]  INFO -- : 0:  redis-namespace (1.4.1) from /home/mie/.rvm/gems/ruby-2.0.0-p353@yucky/specifications/redis-namespace-1.4.1.gemspec
I, [2014-01-04T19:16:42.281522 #11628]  INFO -- : 0:  sidekiq (2.17.2) from /home/mie/.rvm/gems/ruby-2.0.0-p353@yucky/specifications/sidekiq-2.17.2.gemspec
I, [2014-01-04T19:16:42.281752 #11628]  INFO -- : 0:  sidekiq-limit_fetch (2.1.2) from /home/mie/.rvm/gems/ruby-2.0.0-p353@yucky/specifications/sidekiq-limit_fetch-2.1.2.gemspec
I, [2014-01-04T19:16:42.281981 #11628]  INFO -- : 0:  sinatra (1.0) from /home/mie/.rvm/gems/ruby-2.0.0-p353@yucky/specifications/sinatra-1.0.gemspec
I, [2014-01-04T19:16:42.282205 #11628]  INFO -- : 0:  temple (0.6.7) from /home/mie/.rvm/gems/ruby-2.0.0-p353@yucky/specifications/temple-0.6.7.gemspec
I, [2014-01-04T19:16:42.282428 #11628]  INFO -- : 0:  tilt (2.0.0) from /home/mie/.rvm/gems/ruby-2.0.0-p353@yucky/specifications/tilt-2.0.0.gemspec
I, [2014-01-04T19:16:42.282644 #11628]  INFO -- : 0:  slim (2.0.2) from /home/mie/.rvm/gems/ruby-2.0.0-p353@yucky/specifications/slim-2.0.2.gemspec
I, [2014-01-04T19:16:42.282859 #11628]  INFO -- : 0:  thin (1.6.1) from /home/mie/.rvm/gems/ruby-2.0.0-p353@yucky/specifications/thin-1.6.1.gemspec
I, [2014-01-04T19:16:42.283067 #11628]  INFO -- : 0:  bundler (1.5.1) from /home/mie/.rvm/gems/ruby-2.0.0-p353@global/specifications/bundler-1.5.1.gemspec
I, [2014-01-04T19:17:20.093953 #11671]  INFO -- : 0:  i18n (0.6.9) from /home/mie/.rvm/gems/ruby-2.0.0-p353@yucky/specifications/i18n-0.6.9.gemspec
I, [2014-01-04T19:17:20.094353 #11671]  INFO -- : 0:  minitest (4.7.5) from /home/mie/.rvm/gems/ruby-2.0.0-p353@yucky/specifications/minitest-4.7.5.gemspec
I, [2014-01-04T19:17:20.094604 #11671]  INFO -- : 0:  multi_json (1.8.2) from /home/mie/.rvm/gems/ruby-2.0.0-p353@yucky/specifications/multi_json-1.8.2.gemspec
I, [2014-01-04T19:17:20.094841 #11671]  INFO -- : 0:  atomic (1.1.14) from /home/mie/.rvm/gems/ruby-2.0.0-p353@yucky/specifications/atomic-1.1.14.gemspec
I, [2014-01-04T19:17:20.095082 #11671]  INFO -- : 0:  thread_safe (0.1.3) from /home/mie/.rvm/gems/ruby-2.0.0-p353@yucky/specifications/thread_safe-0.1.3.gemspec
I, [2014-01-04T19:17:20.095335 #11671]  INFO -- : 0:  tzinfo (0.3.38) from /home/mie/.rvm/gems/ruby-2.0.0-p353@yucky/specifications/tzinfo-0.3.38.gemspec
I, [2014-01-04T19:17:20.095567 #11671]  INFO -- : 0:  activesupport (4.0.2) from /home/mie/.rvm/gems/ruby-2.0.0-p353@yucky/specifications/activesupport-4.0.2.gemspec
I, [2014-01-04T19:17:20.095797 #11671]  INFO -- : 0:  builder (3.1.4) from /home/mie/.rvm/gems/ruby-2.0.0-p353@yucky/specifications/builder-3.1.4.gemspec
I, [2014-01-04T19:17:20.096020 #11671]  INFO -- : 0:  activemodel (4.0.2) from /home/mie/.rvm/gems/ruby-2.0.0-p353@yucky/specifications/activemodel-4.0.2.gemspec
I, [2014-01-04T19:17:20.096236 #11671]  INFO -- : 0:  bson (2.0.0) from /home/mie/.rvm/gems/ruby-2.0.0-p353@yucky/specifications/bson-2.0.0.gemspec
I, [2014-01-04T19:17:20.096471 #11671]  INFO -- : 0:  bson_ext (1.5.1) from /home/mie/.rvm/gems/ruby-2.0.0-p353@yucky/specifications/bson_ext-1.5.1.gemspec
I, [2014-01-04T19:17:20.096697 #11671]  INFO -- : 0:  timers (1.1.0) from /home/mie/.rvm/gems/ruby-2.0.0-p353@yucky/specifications/timers-1.1.0.gemspec
I, [2014-01-04T19:17:20.096923 #11671]  INFO -- : 0:  celluloid (0.15.2) from /home/mie/.rvm/gems/ruby-2.0.0-p353@yucky/specifications/celluloid-0.15.2.gemspec
I, [2014-01-04T19:17:20.097145 #11671]  INFO -- : 0:  connection_pool (1.2.0) from /home/mie/.rvm/gems/ruby-2.0.0-p353@yucky/specifications/connection_pool-1.2.0.gemspec
I, [2014-01-04T19:17:20.097365 #11671]  INFO -- : 0:  daemons (1.1.9) from /home/mie/.rvm/gems/ruby-2.0.0-p353@yucky/specifications/daemons-1.1.9.gemspec
I, [2014-01-04T19:17:20.097575 #11671]  INFO -- : 0:  eventmachine (1.0.3) from /home/mie/.rvm/gems/ruby-2.0.0-p353@yucky/specifications/eventmachine-1.0.3.gemspec
I, [2014-01-04T19:17:20.097817 #11671]  INFO -- : 0:  multipart-post (1.2.0) from /home/mie/.rvm/gems/ruby-2.0.0-p353@yucky/specifications/multipart-post-1.2.0.gemspec
I, [2014-01-04T19:17:20.098042 #11671]  INFO -- : 0:  faraday (0.8.8) from /home/mie/.rvm/gems/ruby-2.0.0-p353@yucky/specifications/faraday-0.8.8.gemspec
I, [2014-01-04T19:17:20.098286 #11671]  INFO -- : 0:  mini_portile (0.5.2) from /home/mie/.rvm/gems/ruby-2.0.0-p353@yucky/specifications/mini_portile-0.5.2.gemspec
I, [2014-01-04T19:17:20.098585 #11671]  INFO -- : 0:  nokogiri (1.6.1) from /home/mie/.rvm/gems/ruby-2.0.0-p353@yucky/specifications/nokogiri-1.6.1.gemspec
I, [2014-01-04T19:17:20.098936 #11671]  INFO -- : 0:  rubyzip (0.9.9) from /home/mie/.rvm/gems/ruby-2.0.0-p353@yucky/specifications/rubyzip-0.9.9.gemspec
I, [2014-01-04T19:17:20.099238 #11671]  INFO -- : 0:  gepub (0.6.4.6) from /home/mie/.rvm/gems/ruby-2.0.0-p353@yucky/specifications/gepub-0.6.4.6.gemspec
I, [2014-01-04T19:17:20.099465 #11671]  INFO -- : 0:  json (1.8.1) from /home/mie/.rvm/gems/ruby-2.0.0-p353@yucky/specifications/json-1.8.1.gemspec
I, [2014-01-04T19:17:20.099687 #11671]  INFO -- : 0:  kindler (0.5.0) from /home/mie/.rvm/gems/ruby-2.0.0-p353@yucky/specifications/kindler-0.5.0.gemspec
I, [2014-01-04T19:17:20.099919 #11671]  INFO -- : 0:  kramdown (1.3.0) from /home/mie/.rvm/gems/ruby-2.0.0-p353@yucky/specifications/kramdown-1.3.0.gemspec
I, [2014-01-04T19:17:20.100135 #11671]  INFO -- : 0:  optionable (0.2.0) from /home/mie/.rvm/gems/ruby-2.0.0-p353@yucky/specifications/optionable-0.2.0.gemspec
I, [2014-01-04T19:17:20.100350 #11671]  INFO -- : 0:  moped (2.0.0.beta4) from /home/mie/.rvm/gems/ruby-2.0.0-p353@yucky/specifications/moped-2.0.0.beta4.gemspec
I, [2014-01-04T19:17:20.100575 #11671]  INFO -- : 0:  origin (2.0.0) from /home/mie/.rvm/gems/ruby-2.0.0-p353@yucky/specifications/origin-2.0.0.gemspec
I, [2014-01-04T19:17:20.618530 #11671]  INFO -- : 0:  mongoid (4.0.0.alpha1) from /home/mie/.rvm/gems/ruby-2.0.0-p353@yucky/bundler/gems/mongoid-221abac035d4/mongoid.gemspec
I, [2014-01-04T19:17:20.618872 #11671]  INFO -- : 0:  mongoid-pagination (0.2.0) from /home/mie/.rvm/gems/ruby-2.0.0-p353@yucky/specifications/mongoid-pagination-0.2.0.gemspec
I, [2014-01-04T19:17:20.619132 #11671]  INFO -- : 0:  rack (1.5.2) from /home/mie/.rvm/gems/ruby-2.0.0-p353@yucky/specifications/rack-1.5.2.gemspec
I, [2014-01-04T19:17:20.619382 #11671]  INFO -- : 0:  redis (3.0.6) from /home/mie/.rvm/gems/ruby-2.0.0-p353@yucky/specifications/redis-3.0.6.gemspec
I, [2014-01-04T19:17:20.619646 #11671]  INFO -- : 0:  redis-namespace (1.4.1) from /home/mie/.rvm/gems/ruby-2.0.0-p353@yucky/specifications/redis-namespace-1.4.1.gemspec
I, [2014-01-04T19:17:20.619897 #11671]  INFO -- : 0:  sidekiq (2.17.2) from /home/mie/.rvm/gems/ruby-2.0.0-p353@yucky/specifications/sidekiq-2.17.2.gemspec
I, [2014-01-04T19:17:20.620147 #11671]  INFO -- : 0:  sidekiq-limit_fetch (2.1.2) from /home/mie/.rvm/gems/ruby-2.0.0-p353@yucky/specifications/sidekiq-limit_fetch-2.1.2.gemspec
I, [2014-01-04T19:17:20.620411 #11671]  INFO -- : 0:  sinatra (1.0) from /home/mie/.rvm/gems/ruby-2.0.0-p353@yucky/specifications/sinatra-1.0.gemspec
I, [2014-01-04T19:17:20.620639 #11671]  INFO -- : 0:  temple (0.6.7) from /home/mie/.rvm/gems/ruby-2.0.0-p353@yucky/specifications/temple-0.6.7.gemspec
I, [2014-01-04T19:17:20.620859 #11671]  INFO -- : 0:  tilt (2.0.0) from /home/mie/.rvm/gems/ruby-2.0.0-p353@yucky/specifications/tilt-2.0.0.gemspec
I, [2014-01-04T19:17:20.621109 #11671]  INFO -- : 0:  slim (2.0.2) from /home/mie/.rvm/gems/ruby-2.0.0-p353@yucky/specifications/slim-2.0.2.gemspec
I, [2014-01-04T19:17:20.621327 #11671]  INFO -- : 0:  thin (1.6.1) from /home/mie/.rvm/gems/ruby-2.0.0-p353@yucky/specifications/thin-1.6.1.gemspec
I, [2014-01-04T19:17:20.621562 #11671]  INFO -- : 0:  bundler (1.5.1) from /home/mie/.rvm/gems/ruby-2.0.0-p353@global/specifications/bundler-1.5.1.gemspec
I, [2014-01-04T19:17:44.404881 #11693]  INFO -- : 0:  i18n (0.6.9) from /home/mie/.rvm/gems/ruby-2.0.0-p353@yucky/specifications/i18n-0.6.9.gemspec
I, [2014-01-04T19:17:44.405488 #11693]  INFO -- : 0:  minitest (4.7.5) from /home/mie/.rvm/gems/ruby-2.0.0-p353@yucky/specifications/minitest-4.7.5.gemspec
I, [2014-01-04T19:17:44.405862 #11693]  INFO -- : 0:  multi_json (1.8.2) from /home/mie/.rvm/gems/ruby-2.0.0-p353@yucky/specifications/multi_json-1.8.2.gemspec
I, [2014-01-04T19:17:44.406219 #11693]  INFO -- : 0:  atomic (1.1.14) from /home/mie/.rvm/gems/ruby-2.0.0-p353@yucky/specifications/atomic-1.1.14.gemspec
I, [2014-01-04T19:17:44.406561 #11693]  INFO -- : 0:  thread_safe (0.1.3) from /home/mie/.rvm/gems/ruby-2.0.0-p353@yucky/specifications/thread_safe-0.1.3.gemspec
I, [2014-01-04T19:17:44.406895 #11693]  INFO -- : 0:  tzinfo (0.3.38) from /home/mie/.rvm/gems/ruby-2.0.0-p353@yucky/specifications/tzinfo-0.3.38.gemspec
I, [2014-01-04T19:17:44.407233 #11693]  INFO -- : 0:  activesupport (4.0.2) from /home/mie/.rvm/gems/ruby-2.0.0-p353@yucky/specifications/activesupport-4.0.2.gemspec
I, [2014-01-04T19:17:44.407597 #11693]  INFO -- : 0:  builder (3.1.4) from /home/mie/.rvm/gems/ruby-2.0.0-p353@yucky/specifications/builder-3.1.4.gemspec
I, [2014-01-04T19:17:44.407968 #11693]  INFO -- : 0:  activemodel (4.0.2) from /home/mie/.rvm/gems/ruby-2.0.0-p353@yucky/specifications/activemodel-4.0.2.gemspec
I, [2014-01-04T19:17:44.408305 #11693]  INFO -- : 0:  bson (2.0.0) from /home/mie/.rvm/gems/ruby-2.0.0-p353@yucky/specifications/bson-2.0.0.gemspec
I, [2014-01-04T19:17:44.408671 #11693]  INFO -- : 0:  bson_ext (1.5.1) from /home/mie/.rvm/gems/ruby-2.0.0-p353@yucky/specifications/bson_ext-1.5.1.gemspec
I, [2014-01-04T19:17:44.409040 #11693]  INFO -- : 0:  timers (1.1.0) from /home/mie/.rvm/gems/ruby-2.0.0-p353@yucky/specifications/timers-1.1.0.gemspec
I, [2014-01-04T19:17:44.409388 #11693]  INFO -- : 0:  celluloid (0.15.2) from /home/mie/.rvm/gems/ruby-2.0.0-p353@yucky/specifications/celluloid-0.15.2.gemspec
I, [2014-01-04T19:17:44.409741 #11693]  INFO -- : 0:  connection_pool (1.2.0) from /home/mie/.rvm/gems/ruby-2.0.0-p353@yucky/specifications/connection_pool-1.2.0.gemspec
I, [2014-01-04T19:17:44.410039 #11693]  INFO -- : 0:  daemons (1.1.9) from /home/mie/.rvm/gems/ruby-2.0.0-p353@yucky/specifications/daemons-1.1.9.gemspec
I, [2014-01-04T19:17:44.410376 #11693]  INFO -- : 0:  eventmachine (1.0.3) from /home/mie/.rvm/gems/ruby-2.0.0-p353@yucky/specifications/eventmachine-1.0.3.gemspec
I, [2014-01-04T19:17:44.410714 #11693]  INFO -- : 0:  multipart-post (1.2.0) from /home/mie/.rvm/gems/ruby-2.0.0-p353@yucky/specifications/multipart-post-1.2.0.gemspec
I, [2014-01-04T19:17:44.411044 #11693]  INFO -- : 0:  faraday (0.8.8) from /home/mie/.rvm/gems/ruby-2.0.0-p353@yucky/specifications/faraday-0.8.8.gemspec
I, [2014-01-04T19:17:44.411395 #11693]  INFO -- : 0:  mini_portile (0.5.2) from /home/mie/.rvm/gems/ruby-2.0.0-p353@yucky/specifications/mini_portile-0.5.2.gemspec
I, [2014-01-04T19:17:44.411742 #11693]  INFO -- : 0:  nokogiri (1.6.1) from /home/mie/.rvm/gems/ruby-2.0.0-p353@yucky/specifications/nokogiri-1.6.1.gemspec
I, [2014-01-04T19:17:44.412084 #11693]  INFO -- : 0:  rubyzip (0.9.9) from /home/mie/.rvm/gems/ruby-2.0.0-p353@yucky/specifications/rubyzip-0.9.9.gemspec
I, [2014-01-04T19:17:44.412470 #11693]  INFO -- : 0:  gepub (0.6.4.6) from /home/mie/.rvm/gems/ruby-2.0.0-p353@yucky/specifications/gepub-0.6.4.6.gemspec
I, [2014-01-04T19:17:44.412809 #11693]  INFO -- : 0:  json (1.8.1) from /home/mie/.rvm/gems/ruby-2.0.0-p353@yucky/specifications/json-1.8.1.gemspec
I, [2014-01-04T19:17:44.413155 #11693]  INFO -- : 0:  kindler (0.5.0) from /home/mie/.rvm/gems/ruby-2.0.0-p353@yucky/specifications/kindler-0.5.0.gemspec
I, [2014-01-04T19:17:44.413498 #11693]  INFO -- : 0:  kramdown (1.3.0) from /home/mie/.rvm/gems/ruby-2.0.0-p353@yucky/specifications/kramdown-1.3.0.gemspec
I, [2014-01-04T19:17:44.413834 #11693]  INFO -- : 0:  optionable (0.2.0) from /home/mie/.rvm/gems/ruby-2.0.0-p353@yucky/specifications/optionable-0.2.0.gemspec
I, [2014-01-04T19:17:44.414220 #11693]  INFO -- : 0:  moped (2.0.0.beta4) from /home/mie/.rvm/gems/ruby-2.0.0-p353@yucky/specifications/moped-2.0.0.beta4.gemspec
I, [2014-01-04T19:17:44.414528 #11693]  INFO -- : 0:  origin (2.0.0) from /home/mie/.rvm/gems/ruby-2.0.0-p353@yucky/specifications/origin-2.0.0.gemspec
I, [2014-01-04T19:17:45.027349 #11693]  INFO -- : 0:  mongoid (4.0.0.alpha1) from /home/mie/.rvm/gems/ruby-2.0.0-p353@yucky/bundler/gems/mongoid-221abac035d4/mongoid.gemspec
I, [2014-01-04T19:17:45.027684 #11693]  INFO -- : 0:  mongoid-pagination (0.2.0) from /home/mie/.rvm/gems/ruby-2.0.0-p353@yucky/specifications/mongoid-pagination-0.2.0.gemspec
I, [2014-01-04T19:17:45.027929 #11693]  INFO -- : 0:  rack (1.5.2) from /home/mie/.rvm/gems/ruby-2.0.0-p353@yucky/specifications/rack-1.5.2.gemspec
I, [2014-01-04T19:17:45.028156 #11693]  INFO -- : 0:  redis (3.0.6) from /home/mie/.rvm/gems/ruby-2.0.0-p353@yucky/specifications/redis-3.0.6.gemspec
I, [2014-01-04T19:17:45.028381 #11693]  INFO -- : 0:  redis-namespace (1.4.1) from /home/mie/.rvm/gems/ruby-2.0.0-p353@yucky/specifications/redis-namespace-1.4.1.gemspec
I, [2014-01-04T19:17:45.028601 #11693]  INFO -- : 0:  sidekiq (2.17.2) from /home/mie/.rvm/gems/ruby-2.0.0-p353@yucky/specifications/sidekiq-2.17.2.gemspec
I, [2014-01-04T19:17:45.028862 #11693]  INFO -- : 0:  sidekiq-limit_fetch (2.1.2) from /home/mie/.rvm/gems/ruby-2.0.0-p353@yucky/specifications/sidekiq-limit_fetch-2.1.2.gemspec
I, [2014-01-04T19:17:45.029106 #11693]  INFO -- : 0:  sinatra (1.0) from /home/mie/.rvm/gems/ruby-2.0.0-p353@yucky/specifications/sinatra-1.0.gemspec
I, [2014-01-04T19:17:45.029361 #11693]  INFO -- : 0:  temple (0.6.7) from /home/mie/.rvm/gems/ruby-2.0.0-p353@yucky/specifications/temple-0.6.7.gemspec
I, [2014-01-04T19:17:45.029589 #11693]  INFO -- : 0:  tilt (2.0.0) from /home/mie/.rvm/gems/ruby-2.0.0-p353@yucky/specifications/tilt-2.0.0.gemspec
I, [2014-01-04T19:17:45.029837 #11693]  INFO -- : 0:  slim (2.0.2) from /home/mie/.rvm/gems/ruby-2.0.0-p353@yucky/specifications/slim-2.0.2.gemspec
I, [2014-01-04T19:17:45.030079 #11693]  INFO -- : 0:  thin (1.6.1) from /home/mie/.rvm/gems/ruby-2.0.0-p353@yucky/specifications/thin-1.6.1.gemspec
I, [2014-01-04T19:17:45.030307 #11693]  INFO -- : 0:  bundler (1.5.1) from /home/mie/.rvm/gems/ruby-2.0.0-p353@global/specifications/bundler-1.5.1.gemspec
I, [2014-01-04T19:18:38.649310 #11775]  INFO -- : 0:  i18n (0.6.9) from /home/mie/.rvm/gems/ruby-2.0.0-p353@yucky/specifications/i18n-0.6.9.gemspec
I, [2014-01-04T19:18:38.649707 #11775]  INFO -- : 0:  minitest (4.7.5) from /home/mie/.rvm/gems/ruby-2.0.0-p353@yucky/specifications/minitest-4.7.5.gemspec
I, [2014-01-04T19:18:38.650453 #11775]  INFO -- : 0:  multi_json (1.8.2) from /home/mie/.rvm/gems/ruby-2.0.0-p353@yucky/specifications/multi_json-1.8.2.gemspec
I, [2014-01-04T19:18:38.650989 #11775]  INFO -- : 0:  atomic (1.1.14) from /home/mie/.rvm/gems/ruby-2.0.0-p353@yucky/specifications/atomic-1.1.14.gemspec
I, [2014-01-04T19:18:38.651390 #11775]  INFO -- : 0:  thread_safe (0.1.3) from /home/mie/.rvm/gems/ruby-2.0.0-p353@yucky/specifications/thread_safe-0.1.3.gemspec
I, [2014-01-04T19:18:38.651756 #11775]  INFO -- : 0:  tzinfo (0.3.38) from /home/mie/.rvm/gems/ruby-2.0.0-p353@yucky/specifications/tzinfo-0.3.38.gemspec
I, [2014-01-04T19:18:38.652137 #11775]  INFO -- : 0:  activesupport (4.0.2) from /home/mie/.rvm/gems/ruby-2.0.0-p353@yucky/specifications/activesupport-4.0.2.gemspec
I, [2014-01-04T19:18:38.652468 #11775]  INFO -- : 0:  builder (3.1.4) from /home/mie/.rvm/gems/ruby-2.0.0-p353@yucky/specifications/builder-3.1.4.gemspec
I, [2014-01-04T19:18:38.652702 #11775]  INFO -- : 0:  activemodel (4.0.2) from /home/mie/.rvm/gems/ruby-2.0.0-p353@yucky/specifications/activemodel-4.0.2.gemspec
I, [2014-01-04T19:18:40.463092 #11775]  INFO -- : 0:  backports (3.4.0) from /home/mie/.rvm/gems/ruby-2.0.0-p353@yucky/specifications/backports-3.4.0.gemspec
I, [2014-01-04T19:18:40.463869 #11775]  INFO -- : 0:  bson (2.0.0) from /home/mie/.rvm/gems/ruby-2.0.0-p353@yucky/specifications/bson-2.0.0.gemspec
I, [2014-01-04T19:18:40.464315 #11775]  INFO -- : 0:  bson_ext (1.5.1) from /home/mie/.rvm/gems/ruby-2.0.0-p353@yucky/specifications/bson_ext-1.5.1.gemspec
I, [2014-01-04T19:18:40.464717 #11775]  INFO -- : 0:  timers (1.1.0) from /home/mie/.rvm/gems/ruby-2.0.0-p353@yucky/specifications/timers-1.1.0.gemspec
I, [2014-01-04T19:18:40.465089 #11775]  INFO -- : 0:  celluloid (0.15.2) from /home/mie/.rvm/gems/ruby-2.0.0-p353@yucky/specifications/celluloid-0.15.2.gemspec
I, [2014-01-04T19:18:40.465462 #11775]  INFO -- : 0:  connection_pool (1.2.0) from /home/mie/.rvm/gems/ruby-2.0.0-p353@yucky/specifications/connection_pool-1.2.0.gemspec
I, [2014-01-04T19:18:40.465868 #11775]  INFO -- : 0:  daemons (1.1.9) from /home/mie/.rvm/gems/ruby-2.0.0-p353@yucky/specifications/daemons-1.1.9.gemspec
I, [2014-01-04T19:18:40.466245 #11775]  INFO -- : 0:  eventmachine (1.0.3) from /home/mie/.rvm/gems/ruby-2.0.0-p353@yucky/specifications/eventmachine-1.0.3.gemspec
I, [2014-01-04T19:18:40.466623 #11775]  INFO -- : 0:  multipart-post (1.2.0) from /home/mie/.rvm/gems/ruby-2.0.0-p353@yucky/specifications/multipart-post-1.2.0.gemspec
I, [2014-01-04T19:18:40.466988 #11775]  INFO -- : 0:  faraday (0.8.8) from /home/mie/.rvm/gems/ruby-2.0.0-p353@yucky/specifications/faraday-0.8.8.gemspec
I, [2014-01-04T19:18:40.467357 #11775]  INFO -- : 0:  mini_portile (0.5.2) from /home/mie/.rvm/gems/ruby-2.0.0-p353@yucky/specifications/mini_portile-0.5.2.gemspec
I, [2014-01-04T19:18:40.467720 #11775]  INFO -- : 0:  nokogiri (1.6.1) from /home/mie/.rvm/gems/ruby-2.0.0-p353@yucky/specifications/nokogiri-1.6.1.gemspec
I, [2014-01-04T19:18:40.468094 #11775]  INFO -- : 0:  rubyzip (0.9.9) from /home/mie/.rvm/gems/ruby-2.0.0-p353@yucky/specifications/rubyzip-0.9.9.gemspec
I, [2014-01-04T19:18:40.468450 #11775]  INFO -- : 0:  gepub (0.6.4.6) from /home/mie/.rvm/gems/ruby-2.0.0-p353@yucky/specifications/gepub-0.6.4.6.gemspec
I, [2014-01-04T19:18:40.468814 #11775]  INFO -- : 0:  json (1.8.1) from /home/mie/.rvm/gems/ruby-2.0.0-p353@yucky/specifications/json-1.8.1.gemspec
I, [2014-01-04T19:18:40.469206 #11775]  INFO -- : 0:  kindler (0.5.0) from /home/mie/.rvm/gems/ruby-2.0.0-p353@yucky/specifications/kindler-0.5.0.gemspec
I, [2014-01-04T19:18:40.469545 #11775]  INFO -- : 0:  kramdown (1.3.0) from /home/mie/.rvm/gems/ruby-2.0.0-p353@yucky/specifications/kramdown-1.3.0.gemspec
I, [2014-01-04T19:18:40.469889 #11775]  INFO -- : 0:  optionable (0.2.0) from /home/mie/.rvm/gems/ruby-2.0.0-p353@yucky/specifications/optionable-0.2.0.gemspec
I, [2014-01-04T19:18:40.470239 #11775]  INFO -- : 0:  moped (2.0.0.beta4) from /home/mie/.rvm/gems/ruby-2.0.0-p353@yucky/specifications/moped-2.0.0.beta4.gemspec
I, [2014-01-04T19:18:40.470592 #11775]  INFO -- : 0:  origin (2.0.0) from /home/mie/.rvm/gems/ruby-2.0.0-p353@yucky/specifications/origin-2.0.0.gemspec
I, [2014-01-04T19:18:41.063323 #11775]  INFO -- : 0:  mongoid (4.0.0.alpha1) from /home/mie/.rvm/gems/ruby-2.0.0-p353@yucky/bundler/gems/mongoid-221abac035d4/mongoid.gemspec
I, [2014-01-04T19:18:41.063711 #11775]  INFO -- : 0:  mongoid-pagination (0.2.0) from /home/mie/.rvm/gems/ruby-2.0.0-p353@yucky/specifications/mongoid-pagination-0.2.0.gemspec
I, [2014-01-04T19:18:41.063979 #11775]  INFO -- : 0:  rack (1.5.2) from /home/mie/.rvm/gems/ruby-2.0.0-p353@yucky/specifications/rack-1.5.2.gemspec
I, [2014-01-04T19:18:41.064242 #11775]  INFO -- : 0:  rack-protection (1.5.1) from /home/mie/.rvm/gems/ruby-2.0.0-p353@yucky/specifications/rack-protection-1.5.1.gemspec
I, [2014-01-04T19:18:42.572995 #11775]  INFO -- : 0:  rack-test (0.6.2) from /home/mie/.rvm/gems/ruby-2.0.0-p353@yucky/specifications/rack-test-0.6.2.gemspec
I, [2014-01-04T19:18:42.574039 #11775]  INFO -- : 0:  redis (3.0.6) from /home/mie/.rvm/gems/ruby-2.0.0-p353@yucky/specifications/redis-3.0.6.gemspec
I, [2014-01-04T19:18:42.574644 #11775]  INFO -- : 0:  redis-namespace (1.4.1) from /home/mie/.rvm/gems/ruby-2.0.0-p353@yucky/specifications/redis-namespace-1.4.1.gemspec
I, [2014-01-04T19:18:42.575213 #11775]  INFO -- : 0:  sidekiq (2.17.2) from /home/mie/.rvm/gems/ruby-2.0.0-p353@yucky/specifications/sidekiq-2.17.2.gemspec
I, [2014-01-04T19:18:42.575721 #11775]  INFO -- : 0:  sidekiq-limit_fetch (2.1.2) from /home/mie/.rvm/gems/ruby-2.0.0-p353@yucky/specifications/sidekiq-limit_fetch-2.1.2.gemspec
I, [2014-01-04T19:18:42.576283 #11775]  INFO -- : 0:  tilt (1.4.1) from /home/mie/.rvm/gems/ruby-2.0.0-p353@yucky/specifications/tilt-1.4.1.gemspec
I, [2014-01-04T19:18:42.576841 #11775]  INFO -- : 0:  sinatra (1.4.4) from /home/mie/.rvm/gems/ruby-2.0.0-p353@yucky/specifications/sinatra-1.4.4.gemspec
I, [2014-01-04T19:18:44.189338 #11775]  INFO -- : 0:  sinatra-contrib (1.4.2) from /home/mie/.rvm/gems/ruby-2.0.0-p353@yucky/specifications/sinatra-contrib-1.4.2.gemspec
I, [2014-01-04T19:18:44.189907 #11775]  INFO -- : 0:  temple (0.6.7) from /home/mie/.rvm/gems/ruby-2.0.0-p353@yucky/specifications/temple-0.6.7.gemspec
I, [2014-01-04T19:18:44.190506 #11775]  INFO -- : 0:  slim (2.0.2) from /home/mie/.rvm/gems/ruby-2.0.0-p353@yucky/specifications/slim-2.0.2.gemspec
I, [2014-01-04T19:18:44.191085 #11775]  INFO -- : 0:  thin (1.6.1) from /home/mie/.rvm/gems/ruby-2.0.0-p353@yucky/specifications/thin-1.6.1.gemspec
I, [2014-01-04T19:18:44.191641 #11775]  INFO -- : 0:  bundler (1.5.1) from /home/mie/.rvm/gems/ruby-2.0.0-p353@global/specifications/bundler-1.5.1.gemspec
I, [2014-01-05T13:24:36.206569 #15830]  INFO -- : 0:  i18n (0.6.9) from /home/mie/.rvm/gems/ruby-2.0.0-p353@yucky/specifications/i18n-0.6.9.gemspec
I, [2014-01-05T13:24:36.225935 #15830]  INFO -- : 0:  minitest (4.7.5) from /home/mie/.rvm/gems/ruby-2.0.0-p353@yucky/specifications/minitest-4.7.5.gemspec
I, [2014-01-05T13:24:36.226213 #15830]  INFO -- : 0:  multi_json (1.8.2) from /home/mie/.rvm/gems/ruby-2.0.0-p353@yucky/specifications/multi_json-1.8.2.gemspec
I, [2014-01-05T13:24:36.226464 #15830]  INFO -- : 0:  atomic (1.1.14) from /home/mie/.rvm/gems/ruby-2.0.0-p353@yucky/specifications/atomic-1.1.14.gemspec
I, [2014-01-05T13:24:36.226708 #15830]  INFO -- : 0:  thread_safe (0.1.3) from /home/mie/.rvm/gems/ruby-2.0.0-p353@yucky/specifications/thread_safe-0.1.3.gemspec
I, [2014-01-05T13:24:36.226970 #15830]  INFO -- : 0:  tzinfo (0.3.38) from /home/mie/.rvm/gems/ruby-2.0.0-p353@yucky/specifications/tzinfo-0.3.38.gemspec
I, [2014-01-05T13:24:36.227209 #15830]  INFO -- : 0:  activesupport (4.0.2) from /home/mie/.rvm/gems/ruby-2.0.0-p353@yucky/specifications/activesupport-4.0.2.gemspec
I, [2014-01-05T13:24:36.227450 #15830]  INFO -- : 0:  builder (3.1.4) from /home/mie/.rvm/gems/ruby-2.0.0-p353@yucky/specifications/builder-3.1.4.gemspec
I, [2014-01-05T13:24:36.227683 #15830]  INFO -- : 0:  activemodel (4.0.2) from /home/mie/.rvm/gems/ruby-2.0.0-p353@yucky/specifications/activemodel-4.0.2.gemspec
I, [2014-01-05T13:24:36.227913 #15830]  INFO -- : 0:  backports (3.4.0) from /home/mie/.rvm/gems/ruby-2.0.0-p353@yucky/specifications/backports-3.4.0.gemspec
I, [2014-01-05T13:24:36.228147 #15830]  INFO -- : 0:  bson (2.0.0) from /home/mie/.rvm/gems/ruby-2.0.0-p353@yucky/specifications/bson-2.0.0.gemspec
I, [2014-01-05T13:24:36.228378 #15830]  INFO -- : 0:  bson_ext (1.5.1) from /home/mie/.rvm/gems/ruby-2.0.0-p353@yucky/specifications/bson_ext-1.5.1.gemspec
I, [2014-01-05T13:24:36.228617 #15830]  INFO -- : 0:  timers (1.1.0) from /home/mie/.rvm/gems/ruby-2.0.0-p353@yucky/specifications/timers-1.1.0.gemspec
I, [2014-01-05T13:24:36.228841 #15830]  INFO -- : 0:  celluloid (0.15.2) from /home/mie/.rvm/gems/ruby-2.0.0-p353@yucky/specifications/celluloid-0.15.2.gemspec
I, [2014-01-05T13:24:36.229054 #15830]  INFO -- : 0:  connection_pool (1.2.0) from /home/mie/.rvm/gems/ruby-2.0.0-p353@yucky/specifications/connection_pool-1.2.0.gemspec
I, [2014-01-05T13:24:36.229267 #15830]  INFO -- : 0:  daemons (1.1.9) from /home/mie/.rvm/gems/ruby-2.0.0-p353@yucky/specifications/daemons-1.1.9.gemspec
I, [2014-01-05T13:24:36.229480 #15830]  INFO -- : 0:  eventmachine (1.0.3) from /home/mie/.rvm/gems/ruby-2.0.0-p353@yucky/specifications/eventmachine-1.0.3.gemspec
I, [2014-01-05T13:24:36.229694 #15830]  INFO -- : 0:  multipart-post (1.2.0) from /home/mie/.rvm/gems/ruby-2.0.0-p353@yucky/specifications/multipart-post-1.2.0.gemspec
I, [2014-01-05T13:24:36.229908 #15830]  INFO -- : 0:  faraday (0.8.8) from /home/mie/.rvm/gems/ruby-2.0.0-p353@yucky/specifications/faraday-0.8.8.gemspec
I, [2014-01-05T13:24:36.230120 #15830]  INFO -- : 0:  mini_portile (0.5.2) from /home/mie/.rvm/gems/ruby-2.0.0-p353@yucky/specifications/mini_portile-0.5.2.gemspec
I, [2014-01-05T13:24:36.230331 #15830]  INFO -- : 0:  nokogiri (1.6.1) from /home/mie/.rvm/gems/ruby-2.0.0-p353@yucky/specifications/nokogiri-1.6.1.gemspec
I, [2014-01-05T13:24:36.230546 #15830]  INFO -- : 0:  rubyzip (0.9.9) from /home/mie/.rvm/gems/ruby-2.0.0-p353@yucky/specifications/rubyzip-0.9.9.gemspec
I, [2014-01-05T13:24:36.230755 #15830]  INFO -- : 0:  gepub (0.6.4.6) from /home/mie/.rvm/gems/ruby-2.0.0-p353@yucky/specifications/gepub-0.6.4.6.gemspec
I, [2014-01-05T13:24:36.231007 #15830]  INFO -- : 0:  json (1.8.1) from /home/mie/.rvm/gems/ruby-2.0.0-p353@yucky/specifications/json-1.8.1.gemspec
I, [2014-01-05T13:24:36.231293 #15830]  INFO -- : 0:  kindler (0.5.0) from /home/mie/.rvm/gems/ruby-2.0.0-p353@yucky/specifications/kindler-0.5.0.gemspec
I, [2014-01-05T13:24:36.231523 #15830]  INFO -- : 0:  kramdown (1.3.0) from /home/mie/.rvm/gems/ruby-2.0.0-p353@yucky/specifications/kramdown-1.3.0.gemspec
I, [2014-01-05T13:24:36.231774 #15830]  INFO -- : 0:  optionable (0.2.0) from /home/mie/.rvm/gems/ruby-2.0.0-p353@yucky/specifications/optionable-0.2.0.gemspec
I, [2014-01-05T13:24:36.231991 #15830]  INFO -- : 0:  moped (2.0.0.beta4) from /home/mie/.rvm/gems/ruby-2.0.0-p353@yucky/specifications/moped-2.0.0.beta4.gemspec
I, [2014-01-05T13:24:36.232210 #15830]  INFO -- : 0:  origin (2.0.0) from /home/mie/.rvm/gems/ruby-2.0.0-p353@yucky/specifications/origin-2.0.0.gemspec
I, [2014-01-05T13:24:37.047052 #15830]  INFO -- : 0:  mongoid (4.0.0.alpha1) from /home/mie/.rvm/gems/ruby-2.0.0-p353@yucky/bundler/gems/mongoid-221abac035d4/mongoid.gemspec
I, [2014-01-05T13:24:37.047411 #15830]  INFO -- : 0:  mongoid-pagination (0.2.0) from /home/mie/.rvm/gems/ruby-2.0.0-p353@yucky/specifications/mongoid-pagination-0.2.0.gemspec
I, [2014-01-05T13:24:37.047746 #15830]  INFO -- : 0:  rack (1.5.2) from /home/mie/.rvm/gems/ruby-2.0.0-p353@yucky/specifications/rack-1.5.2.gemspec
I, [2014-01-05T13:24:37.048006 #15830]  INFO -- : 0:  rack-protection (1.5.1) from /home/mie/.rvm/gems/ruby-2.0.0-p353@yucky/specifications/rack-protection-1.5.1.gemspec
I, [2014-01-05T13:24:37.048264 #15830]  INFO -- : 0:  rack-test (0.6.2) from /home/mie/.rvm/gems/ruby-2.0.0-p353@yucky/specifications/rack-test-0.6.2.gemspec
I, [2014-01-05T13:24:37.048515 #15830]  INFO -- : 0:  redis (3.0.6) from /home/mie/.rvm/gems/ruby-2.0.0-p353@yucky/specifications/redis-3.0.6.gemspec
I, [2014-01-05T13:24:37.048768 #15830]  INFO -- : 0:  redis-namespace (1.4.1) from /home/mie/.rvm/gems/ruby-2.0.0-p353@yucky/specifications/redis-namespace-1.4.1.gemspec
I, [2014-01-05T13:24:37.049016 #15830]  INFO -- : 0:  sidekiq (2.17.2) from /home/mie/.rvm/gems/ruby-2.0.0-p353@yucky/specifications/sidekiq-2.17.2.gemspec
I, [2014-01-05T13:24:37.049296 #15830]  INFO -- : 0:  sidekiq-limit_fetch (2.1.2) from /home/mie/.rvm/gems/ruby-2.0.0-p353@yucky/specifications/sidekiq-limit_fetch-2.1.2.gemspec
I, [2014-01-05T13:24:37.049536 #15830]  INFO -- : 0:  tilt (1.4.1) from /home/mie/.rvm/gems/ruby-2.0.0-p353@yucky/specifications/tilt-1.4.1.gemspec
I, [2014-01-05T13:24:37.049777 #15830]  INFO -- : 0:  sinatra (1.4.4) from /home/mie/.rvm/gems/ruby-2.0.0-p353@yucky/specifications/sinatra-1.4.4.gemspec
I, [2014-01-05T13:24:37.049994 #15830]  INFO -- : 0:  sinatra-contrib (1.4.2) from /home/mie/.rvm/gems/ruby-2.0.0-p353@yucky/specifications/sinatra-contrib-1.4.2.gemspec
I, [2014-01-05T13:24:37.050224 #15830]  INFO -- : 0:  temple (0.6.7) from /home/mie/.rvm/gems/ruby-2.0.0-p353@yucky/specifications/temple-0.6.7.gemspec
I, [2014-01-05T13:24:37.050459 #15830]  INFO -- : 0:  slim (2.0.2) from /home/mie/.rvm/gems/ruby-2.0.0-p353@yucky/specifications/slim-2.0.2.gemspec
I, [2014-01-05T13:24:37.050672 #15830]  INFO -- : 0:  thin (1.6.1) from /home/mie/.rvm/gems/ruby-2.0.0-p353@yucky/specifications/thin-1.6.1.gemspec
I, [2014-01-05T13:24:37.050887 #15830]  INFO -- : 0:  bundler (1.5.1) from /home/mie/.rvm/gems/ruby-2.0.0-p353@global/specifications/bundler-1.5.1.gemspec
I, [2014-01-05T17:07:38.203823 #28624]  INFO -- : 0:  i18n (0.6.9) from /home/mie/.rvm/gems/ruby-2.0.0-p353@yucky/specifications/i18n-0.6.9.gemspec
I, [2014-01-05T17:07:38.220059 #28624]  INFO -- : 0:  minitest (4.7.5) from /home/mie/.rvm/gems/ruby-2.0.0-p353@yucky/specifications/minitest-4.7.5.gemspec
I, [2014-01-05T17:07:38.220484 #28624]  INFO -- : 0:  multi_json (1.8.2) from /home/mie/.rvm/gems/ruby-2.0.0-p353@yucky/specifications/multi_json-1.8.2.gemspec
I, [2014-01-05T17:07:38.220743 #28624]  INFO -- : 0:  atomic (1.1.14) from /home/mie/.rvm/gems/ruby-2.0.0-p353@yucky/specifications/atomic-1.1.14.gemspec
I, [2014-01-05T17:07:38.221068 #28624]  INFO -- : 0:  thread_safe (0.1.3) from /home/mie/.rvm/gems/ruby-2.0.0-p353@yucky/specifications/thread_safe-0.1.3.gemspec
I, [2014-01-05T17:07:38.221368 #28624]  INFO -- : 0:  tzinfo (0.3.38) from /home/mie/.rvm/gems/ruby-2.0.0-p353@yucky/specifications/tzinfo-0.3.38.gemspec
I, [2014-01-05T17:07:38.221681 #28624]  INFO -- : 0:  activesupport (4.0.2) from /home/mie/.rvm/gems/ruby-2.0.0-p353@yucky/specifications/activesupport-4.0.2.gemspec
I, [2014-01-05T17:07:38.221989 #28624]  INFO -- : 0:  builder (3.1.4) from /home/mie/.rvm/gems/ruby-2.0.0-p353@yucky/specifications/builder-3.1.4.gemspec
I, [2014-01-05T17:07:38.222315 #28624]  INFO -- : 0:  activemodel (4.0.2) from /home/mie/.rvm/gems/ruby-2.0.0-p353@yucky/specifications/activemodel-4.0.2.gemspec
I, [2014-01-05T17:07:38.222671 #28624]  INFO -- : 0:  backports (3.4.0) from /home/mie/.rvm/gems/ruby-2.0.0-p353@yucky/specifications/backports-3.4.0.gemspec
I, [2014-01-05T17:07:38.223307 #28624]  INFO -- : 0:  bson (2.0.0) from /home/mie/.rvm/gems/ruby-2.0.0-p353@yucky/specifications/bson-2.0.0.gemspec
I, [2014-01-05T17:07:38.223895 #28624]  INFO -- : 0:  bson_ext (1.5.1) from /home/mie/.rvm/gems/ruby-2.0.0-p353@yucky/specifications/bson_ext-1.5.1.gemspec
I, [2014-01-05T17:07:38.224474 #28624]  INFO -- : 0:  timers (1.1.0) from /home/mie/.rvm/gems/ruby-2.0.0-p353@yucky/specifications/timers-1.1.0.gemspec
I, [2014-01-05T17:07:38.224954 #28624]  INFO -- : 0:  celluloid (0.15.2) from /home/mie/.rvm/gems/ruby-2.0.0-p353@yucky/specifications/celluloid-0.15.2.gemspec
I, [2014-01-05T17:07:38.225254 #28624]  INFO -- : 0:  connection_pool (1.2.0) from /home/mie/.rvm/gems/ruby-2.0.0-p353@yucky/specifications/connection_pool-1.2.0.gemspec
I, [2014-01-05T17:07:38.225571 #28624]  INFO -- : 0:  daemons (1.1.9) from /home/mie/.rvm/gems/ruby-2.0.0-p353@yucky/specifications/daemons-1.1.9.gemspec
I, [2014-01-05T17:07:38.225865 #28624]  INFO -- : 0:  eventmachine (1.0.3) from /home/mie/.rvm/gems/ruby-2.0.0-p353@yucky/specifications/eventmachine-1.0.3.gemspec
I, [2014-01-05T17:07:38.226162 #28624]  INFO -- : 0:  multipart-post (1.2.0) from /home/mie/.rvm/gems/ruby-2.0.0-p353@yucky/specifications/multipart-post-1.2.0.gemspec
I, [2014-01-05T17:07:38.226461 #28624]  INFO -- : 0:  faraday (0.8.8) from /home/mie/.rvm/gems/ruby-2.0.0-p353@yucky/specifications/faraday-0.8.8.gemspec
I, [2014-01-05T17:07:38.226772 #28624]  INFO -- : 0:  mini_portile (0.5.2) from /home/mie/.rvm/gems/ruby-2.0.0-p353@yucky/specifications/mini_portile-0.5.2.gemspec
I, [2014-01-05T17:07:38.227112 #28624]  INFO -- : 0:  nokogiri (1.6.1) from /home/mie/.rvm/gems/ruby-2.0.0-p353@yucky/specifications/nokogiri-1.6.1.gemspec
I, [2014-01-05T17:07:38.227443 #28624]  INFO -- : 0:  rubyzip (0.9.9) from /home/mie/.rvm/gems/ruby-2.0.0-p353@yucky/specifications/rubyzip-0.9.9.gemspec
I, [2014-01-05T17:07:38.227802 #28624]  INFO -- : 0:  gepub (0.6.4.6) from /home/mie/.rvm/gems/ruby-2.0.0-p353@yucky/specifications/gepub-0.6.4.6.gemspec
I, [2014-01-05T17:07:38.228197 #28624]  INFO -- : 0:  htmlentities (4.3.1) from /home/mie/.rvm/gems/ruby-2.0.0-p353@yucky/specifications/htmlentities-4.3.1.gemspec
I, [2014-01-05T17:07:38.228573 #28624]  INFO -- : 0:  json (1.8.1) from /home/mie/.rvm/gems/ruby-2.0.0-p353@yucky/specifications/json-1.8.1.gemspec
I, [2014-01-05T17:07:38.228943 #28624]  INFO -- : 0:  kindler (0.5.0) from /home/mie/.rvm/gems/ruby-2.0.0-p353@yucky/specifications/kindler-0.5.0.gemspec
I, [2014-01-05T17:07:51.484368 #28624]  INFO -- : 0:  kramdown (1.3.1) from /home/mie/.rvm/gems/ruby-2.0.0-p353@yucky/specifications/kramdown-1.3.1.gemspec
I, [2014-01-05T17:07:51.484781 #28624]  INFO -- : 0:  optionable (0.2.0) from /home/mie/.rvm/gems/ruby-2.0.0-p353@yucky/specifications/optionable-0.2.0.gemspec
I, [2014-01-05T17:07:51.485011 #28624]  INFO -- : 0:  moped (2.0.0.beta4) from /home/mie/.rvm/gems/ruby-2.0.0-p353@yucky/specifications/moped-2.0.0.beta4.gemspec
I, [2014-01-05T17:07:51.485229 #28624]  INFO -- : 0:  origin (2.0.0) from /home/mie/.rvm/gems/ruby-2.0.0-p353@yucky/specifications/origin-2.0.0.gemspec
I, [2014-01-05T17:07:52.402051 #28624]  INFO -- : 0:  mongoid (4.0.0.alpha1) from /home/mie/.rvm/gems/ruby-2.0.0-p353@yucky/bundler/gems/mongoid-221abac035d4/mongoid.gemspec
I, [2014-01-05T17:07:52.402431 #28624]  INFO -- : 0:  mongoid-pagination (0.2.0) from /home/mie/.rvm/gems/ruby-2.0.0-p353@yucky/specifications/mongoid-pagination-0.2.0.gemspec
I, [2014-01-05T17:07:52.402739 #28624]  INFO -- : 0:  rack (1.5.2) from /home/mie/.rvm/gems/ruby-2.0.0-p353@yucky/specifications/rack-1.5.2.gemspec
I, [2014-01-05T17:07:52.403009 #28624]  INFO -- : 0:  rack-protection (1.5.1) from /home/mie/.rvm/gems/ruby-2.0.0-p353@yucky/specifications/rack-protection-1.5.1.gemspec
I, [2014-01-05T17:07:52.403285 #28624]  INFO -- : 0:  rack-test (0.6.2) from /home/mie/.rvm/gems/ruby-2.0.0-p353@yucky/specifications/rack-test-0.6.2.gemspec
I, [2014-01-05T17:07:52.403527 #28624]  INFO -- : 0:  redis (3.0.6) from /home/mie/.rvm/gems/ruby-2.0.0-p353@yucky/specifications/redis-3.0.6.gemspec
I, [2014-01-05T17:07:52.403759 #28624]  INFO -- : 0:  redis-namespace (1.4.1) from /home/mie/.rvm/gems/ruby-2.0.0-p353@yucky/specifications/redis-namespace-1.4.1.gemspec
I, [2014-01-05T17:07:52.404013 #28624]  INFO -- : 0:  sidekiq (2.17.2) from /home/mie/.rvm/gems/ruby-2.0.0-p353@yucky/specifications/sidekiq-2.17.2.gemspec
I, [2014-01-05T17:07:52.404243 #28624]  INFO -- : 0:  sidekiq-limit_fetch (2.1.2) from /home/mie/.rvm/gems/ruby-2.0.0-p353@yucky/specifications/sidekiq-limit_fetch-2.1.2.gemspec
I, [2014-01-05T17:07:52.404481 #28624]  INFO -- : 0:  tilt (1.4.1) from /home/mie/.rvm/gems/ruby-2.0.0-p353@yucky/specifications/tilt-1.4.1.gemspec
I, [2014-01-05T17:07:52.404711 #28624]  INFO -- : 0:  sinatra (1.4.4) from /home/mie/.rvm/gems/ruby-2.0.0-p353@yucky/specifications/sinatra-1.4.4.gemspec
I, [2014-01-05T17:07:52.404938 #28624]  INFO -- : 0:  sinatra-contrib (1.4.2) from /home/mie/.rvm/gems/ruby-2.0.0-p353@yucky/specifications/sinatra-contrib-1.4.2.gemspec
I, [2014-01-05T17:07:52.405160 #28624]  INFO -- : 0:  temple (0.6.7) from /home/mie/.rvm/gems/ruby-2.0.0-p353@yucky/specifications/temple-0.6.7.gemspec
I, [2014-01-05T17:07:52.405378 #28624]  INFO -- : 0:  slim (2.0.2) from /home/mie/.rvm/gems/ruby-2.0.0-p353@yucky/specifications/slim-2.0.2.gemspec
I, [2014-01-05T17:07:52.405596 #28624]  INFO -- : 0:  thin (1.6.1) from /home/mie/.rvm/gems/ruby-2.0.0-p353@yucky/specifications/thin-1.6.1.gemspec
I, [2014-01-05T17:07:52.405817 #28624]  INFO -- : 0:  bundler (1.5.1) from /home/mie/.rvm/gems/ruby-2.0.0-p353@global/specifications/bundler-1.5.1.gemspec
I, [2014-01-08T14:32:01.182816 #19761]  INFO -- : 0:  i18n (0.6.9) from /home/mie/.rvm/gems/ruby-2.0.0-p353@yucky/specifications/i18n-0.6.9.gemspec
I, [2014-01-08T14:32:01.209798 #19761]  INFO -- : 0:  minitest (4.7.5) from /home/mie/.rvm/gems/ruby-2.0.0-p353@yucky/specifications/minitest-4.7.5.gemspec
I, [2014-01-08T14:32:01.210482 #19761]  INFO -- : 0:  multi_json (1.8.2) from /home/mie/.rvm/gems/ruby-2.0.0-p353@yucky/specifications/multi_json-1.8.2.gemspec
I, [2014-01-08T14:32:01.211142 #19761]  INFO -- : 0:  atomic (1.1.14) from /home/mie/.rvm/gems/ruby-2.0.0-p353@yucky/specifications/atomic-1.1.14.gemspec
I, [2014-01-08T14:32:01.211847 #19761]  INFO -- : 0:  thread_safe (0.1.3) from /home/mie/.rvm/gems/ruby-2.0.0-p353@yucky/specifications/thread_safe-0.1.3.gemspec
I, [2014-01-08T14:32:01.212502 #19761]  INFO -- : 0:  tzinfo (0.3.38) from /home/mie/.rvm/gems/ruby-2.0.0-p353@yucky/specifications/tzinfo-0.3.38.gemspec
I, [2014-01-08T14:32:01.213156 #19761]  INFO -- : 0:  activesupport (4.0.2) from /home/mie/.rvm/gems/ruby-2.0.0-p353@yucky/specifications/activesupport-4.0.2.gemspec
I, [2014-01-08T14:32:01.213800 #19761]  INFO -- : 0:  builder (3.1.4) from /home/mie/.rvm/gems/ruby-2.0.0-p353@yucky/specifications/builder-3.1.4.gemspec
I, [2014-01-08T14:32:01.214434 #19761]  INFO -- : 0:  activemodel (4.0.2) from /home/mie/.rvm/gems/ruby-2.0.0-p353@yucky/specifications/activemodel-4.0.2.gemspec
I, [2014-01-08T14:32:01.215056 #19761]  INFO -- : 0:  backports (3.4.0) from /home/mie/.rvm/gems/ruby-2.0.0-p353@yucky/specifications/backports-3.4.0.gemspec
I, [2014-01-08T14:32:01.215733 #19761]  INFO -- : 0:  bson (2.0.0) from /home/mie/.rvm/gems/ruby-2.0.0-p353@yucky/specifications/bson-2.0.0.gemspec
I, [2014-01-08T14:32:01.216343 #19761]  INFO -- : 0:  bson_ext (1.5.1) from /home/mie/.rvm/gems/ruby-2.0.0-p353@yucky/specifications/bson_ext-1.5.1.gemspec
I, [2014-01-08T14:32:01.216932 #19761]  INFO -- : 0:  timers (1.1.0) from /home/mie/.rvm/gems/ruby-2.0.0-p353@yucky/specifications/timers-1.1.0.gemspec
I, [2014-01-08T14:32:01.217615 #19761]  INFO -- : 0:  celluloid (0.15.2) from /home/mie/.rvm/gems/ruby-2.0.0-p353@yucky/specifications/celluloid-0.15.2.gemspec
I, [2014-01-08T14:32:01.218284 #19761]  INFO -- : 0:  connection_pool (1.2.0) from /home/mie/.rvm/gems/ruby-2.0.0-p353@yucky/specifications/connection_pool-1.2.0.gemspec
I, [2014-01-08T14:32:01.218948 #19761]  INFO -- : 0:  daemons (1.1.9) from /home/mie/.rvm/gems/ruby-2.0.0-p353@yucky/specifications/daemons-1.1.9.gemspec
I, [2014-01-08T14:32:01.219644 #19761]  INFO -- : 0:  eventmachine (1.0.3) from /home/mie/.rvm/gems/ruby-2.0.0-p353@yucky/specifications/eventmachine-1.0.3.gemspec
I, [2014-01-08T14:32:01.220063 #19761]  INFO -- : 0:  multipart-post (1.2.0) from /home/mie/.rvm/gems/ruby-2.0.0-p353@yucky/specifications/multipart-post-1.2.0.gemspec
I, [2014-01-08T14:32:01.220446 #19761]  INFO -- : 0:  faraday (0.8.8) from /home/mie/.rvm/gems/ruby-2.0.0-p353@yucky/specifications/faraday-0.8.8.gemspec
I, [2014-01-08T14:32:01.220856 #19761]  INFO -- : 0:  nokogiri (1.5.11) from /home/mie/.rvm/gems/ruby-2.0.0-p353@yucky/specifications/nokogiri-1.5.11.gemspec
I, [2014-01-08T14:32:01.221233 #19761]  INFO -- : 0:  rubyzip (0.9.9) from /home/mie/.rvm/gems/ruby-2.0.0-p353@yucky/specifications/rubyzip-0.9.9.gemspec
I, [2014-01-08T14:32:01.221827 #19761]  INFO -- : 0:  gepub (0.6.9.1) from /home/mie/.rvm/gems/ruby-2.0.0-p353@yucky/specifications/gepub-0.6.9.1.gemspec
I, [2014-01-08T14:32:01.222415 #19761]  INFO -- : 0:  htmlentities (4.3.1) from /home/mie/.rvm/gems/ruby-2.0.0-p353@yucky/specifications/htmlentities-4.3.1.gemspec
I, [2014-01-08T14:32:01.222999 #19761]  INFO -- : 0:  json (1.8.1) from /home/mie/.rvm/gems/ruby-2.0.0-p353@yucky/specifications/json-1.8.1.gemspec
I, [2014-01-08T14:32:01.223677 #19761]  INFO -- : 0:  kindler (0.5.0) from /home/mie/.rvm/gems/ruby-2.0.0-p353@yucky/specifications/kindler-0.5.0.gemspec
I, [2014-01-08T14:32:01.224338 #19761]  INFO -- : 0:  kramdown (1.3.1) from /home/mie/.rvm/gems/ruby-2.0.0-p353@yucky/specifications/kramdown-1.3.1.gemspec
I, [2014-01-08T14:32:01.224964 #19761]  INFO -- : 0:  optionable (0.2.0) from /home/mie/.rvm/gems/ruby-2.0.0-p353@yucky/specifications/optionable-0.2.0.gemspec
I, [2014-01-08T14:32:01.225553 #19761]  INFO -- : 0:  moped (2.0.0.beta4) from /home/mie/.rvm/gems/ruby-2.0.0-p353@yucky/specifications/moped-2.0.0.beta4.gemspec
I, [2014-01-08T14:32:02.828932 #19761]  INFO -- : 0:  origin (2.1.0) from /home/mie/.rvm/gems/ruby-2.0.0-p353@yucky/specifications/origin-2.1.0.gemspec
I, [2014-01-08T14:32:03.454176 #19761]  INFO -- : 0:  mongoid (4.0.0.alpha1) from /home/mie/.rvm/gems/ruby-2.0.0-p353@yucky/bundler/gems/mongoid-ee34d194a6a2/mongoid.gemspec
I, [2014-01-08T14:32:03.455011 #19761]  INFO -- : 0:  mongoid-pagination (0.2.0) from /home/mie/.rvm/gems/ruby-2.0.0-p353@yucky/specifications/mongoid-pagination-0.2.0.gemspec
I, [2014-01-08T14:32:03.455676 #19761]  INFO -- : 0:  rack (1.5.2) from /home/mie/.rvm/gems/ruby-2.0.0-p353@yucky/specifications/rack-1.5.2.gemspec
I, [2014-01-08T14:32:03.456280 #19761]  INFO -- : 0:  rack-protection (1.5.1) from /home/mie/.rvm/gems/ruby-2.0.0-p353@yucky/specifications/rack-protection-1.5.1.gemspec
I, [2014-01-08T14:32:03.456914 #19761]  INFO -- : 0:  rack-test (0.6.2) from /home/mie/.rvm/gems/ruby-2.0.0-p353@yucky/specifications/rack-test-0.6.2.gemspec
I, [2014-01-08T14:32:03.457496 #19761]  INFO -- : 0:  redis (3.0.6) from /home/mie/.rvm/gems/ruby-2.0.0-p353@yucky/specifications/redis-3.0.6.gemspec
I, [2014-01-08T14:32:03.458073 #19761]  INFO -- : 0:  redis-namespace (1.4.1) from /home/mie/.rvm/gems/ruby-2.0.0-p353@yucky/specifications/redis-namespace-1.4.1.gemspec
I, [2014-01-08T14:32:03.458720 #19761]  INFO -- : 0:  sidekiq (2.17.2) from /home/mie/.rvm/gems/ruby-2.0.0-p353@yucky/specifications/sidekiq-2.17.2.gemspec
I, [2014-01-08T14:32:03.459294 #19761]  INFO -- : 0:  sidekiq-limit_fetch (2.1.2) from /home/mie/.rvm/gems/ruby-2.0.0-p353@yucky/specifications/sidekiq-limit_fetch-2.1.2.gemspec
I, [2014-01-08T14:32:03.459993 #19761]  INFO -- : 0:  tilt (1.4.1) from /home/mie/.rvm/gems/ruby-2.0.0-p353@yucky/specifications/tilt-1.4.1.gemspec
I, [2014-01-08T14:32:03.460591 #19761]  INFO -- : 0:  sinatra (1.4.4) from /home/mie/.rvm/gems/ruby-2.0.0-p353@yucky/specifications/sinatra-1.4.4.gemspec
I, [2014-01-08T14:32:03.461170 #19761]  INFO -- : 0:  sinatra-contrib (1.4.2) from /home/mie/.rvm/gems/ruby-2.0.0-p353@yucky/specifications/sinatra-contrib-1.4.2.gemspec
I, [2014-01-08T14:32:03.461751 #19761]  INFO -- : 0:  temple (0.6.7) from /home/mie/.rvm/gems/ruby-2.0.0-p353@yucky/specifications/temple-0.6.7.gemspec
I, [2014-01-08T14:32:03.462359 #19761]  INFO -- : 0:  slim (2.0.2) from /home/mie/.rvm/gems/ruby-2.0.0-p353@yucky/specifications/slim-2.0.2.gemspec
I, [2014-01-08T14:32:03.462949 #19761]  INFO -- : 0:  thin (1.6.1) from /home/mie/.rvm/gems/ruby-2.0.0-p353@yucky/specifications/thin-1.6.1.gemspec
I, [2014-01-08T14:32:03.463530 #19761]  INFO -- : 0:  bundler (1.5.1) from /home/mie/.rvm/gems/ruby-2.0.0-p353@global/specifications/bundler-1.5.1.gemspec
I, [2014-01-09T17:36:24.903184 #20605]  INFO -- : 0:  i18n (0.6.9) from /home/mie/.rvm/gems/ruby-2.0.0-p353@yucky/specifications/i18n-0.6.9.gemspec
I, [2014-01-09T17:36:24.925654 #20605]  INFO -- : 0:  minitest (4.7.5) from /home/mie/.rvm/gems/ruby-2.0.0-p353@yucky/specifications/minitest-4.7.5.gemspec
I, [2014-01-09T17:36:24.925951 #20605]  INFO -- : 0:  multi_json (1.8.2) from /home/mie/.rvm/gems/ruby-2.0.0-p353@yucky/specifications/multi_json-1.8.2.gemspec
I, [2014-01-09T17:36:24.926187 #20605]  INFO -- : 0:  atomic (1.1.14) from /home/mie/.rvm/gems/ruby-2.0.0-p353@yucky/specifications/atomic-1.1.14.gemspec
I, [2014-01-09T17:36:24.926453 #20605]  INFO -- : 0:  thread_safe (0.1.3) from /home/mie/.rvm/gems/ruby-2.0.0-p353@yucky/specifications/thread_safe-0.1.3.gemspec
I, [2014-01-09T17:36:24.926693 #20605]  INFO -- : 0:  tzinfo (0.3.38) from /home/mie/.rvm/gems/ruby-2.0.0-p353@yucky/specifications/tzinfo-0.3.38.gemspec
I, [2014-01-09T17:36:24.926959 #20605]  INFO -- : 0:  activesupport (4.0.2) from /home/mie/.rvm/gems/ruby-2.0.0-p353@yucky/specifications/activesupport-4.0.2.gemspec
I, [2014-01-09T17:36:24.927195 #20605]  INFO -- : 0:  builder (3.1.4) from /home/mie/.rvm/gems/ruby-2.0.0-p353@yucky/specifications/builder-3.1.4.gemspec
I, [2014-01-09T17:36:24.927512 #20605]  INFO -- : 0:  activemodel (4.0.2) from /home/mie/.rvm/gems/ruby-2.0.0-p353@yucky/specifications/activemodel-4.0.2.gemspec
I, [2014-01-09T17:36:24.927770 #20605]  INFO -- : 0:  backports (3.4.0) from /home/mie/.rvm/gems/ruby-2.0.0-p353@yucky/specifications/backports-3.4.0.gemspec
I, [2014-01-09T17:36:24.928057 #20605]  INFO -- : 0:  bson (2.0.0) from /home/mie/.rvm/gems/ruby-2.0.0-p353@yucky/specifications/bson-2.0.0.gemspec
I, [2014-01-09T17:36:24.928282 #20605]  INFO -- : 0:  bson_ext (1.5.1) from /home/mie/.rvm/gems/ruby-2.0.0-p353@yucky/specifications/bson_ext-1.5.1.gemspec
I, [2014-01-09T17:36:24.928498 #20605]  INFO -- : 0:  connection_pool (1.2.0) from /home/mie/.rvm/gems/ruby-2.0.0-p353@yucky/specifications/connection_pool-1.2.0.gemspec
I, [2014-01-09T17:36:24.928713 #20605]  INFO -- : 0:  daemons (1.1.9) from /home/mie/.rvm/gems/ruby-2.0.0-p353@yucky/specifications/daemons-1.1.9.gemspec
I, [2014-01-09T17:36:24.928929 #20605]  INFO -- : 0:  eventmachine (1.0.3) from /home/mie/.rvm/gems/ruby-2.0.0-p353@yucky/specifications/eventmachine-1.0.3.gemspec
I, [2014-01-09T17:36:24.929148 #20605]  INFO -- : 0:  multipart-post (1.2.0) from /home/mie/.rvm/gems/ruby-2.0.0-p353@yucky/specifications/multipart-post-1.2.0.gemspec
I, [2014-01-09T17:36:24.929362 #20605]  INFO -- : 0:  faraday (0.8.8) from /home/mie/.rvm/gems/ruby-2.0.0-p353@yucky/specifications/faraday-0.8.8.gemspec
I, [2014-01-09T17:36:27.432383 #20605]  INFO -- : 0:  faraday_middleware (0.9.0) from /home/mie/.rvm/gems/ruby-2.0.0-p353@yucky/specifications/faraday_middleware-0.9.0.gemspec
I, [2014-01-09T17:36:27.432960 #20605]  INFO -- : 0:  nokogiri (1.5.11) from /home/mie/.rvm/gems/ruby-2.0.0-p353@yucky/specifications/nokogiri-1.5.11.gemspec
I, [2014-01-09T17:36:27.433263 #20605]  INFO -- : 0:  rubyzip (0.9.9) from /home/mie/.rvm/gems/ruby-2.0.0-p353@yucky/specifications/rubyzip-0.9.9.gemspec
I, [2014-01-09T17:36:27.433555 #20605]  INFO -- : 0:  gepub (0.6.9.1) from /home/mie/.rvm/gems/ruby-2.0.0-p353@yucky/specifications/gepub-0.6.9.1.gemspec
I, [2014-01-09T17:36:27.433966 #20605]  INFO -- : 0:  optionable (0.2.0) from /home/mie/.rvm/gems/ruby-2.0.0-p353@yucky/specifications/optionable-0.2.0.gemspec
I, [2014-01-09T17:36:27.434593 #20605]  INFO -- : 0:  moped (2.0.0.beta4) from /home/mie/.rvm/gems/ruby-2.0.0-p353@yucky/specifications/moped-2.0.0.beta4.gemspec
I, [2014-01-09T17:36:27.435188 #20605]  INFO -- : 0:  origin (2.1.0) from /home/mie/.rvm/gems/ruby-2.0.0-p353@yucky/specifications/origin-2.1.0.gemspec
I, [2014-01-09T17:36:27.982749 #20605]  INFO -- : 0:  mongoid (4.0.0.alpha2) from /home/mie/.rvm/gems/ruby-2.0.0-p353@yucky/bundler/gems/mongoid-18dbb17af4c0/mongoid.gemspec
I, [2014-01-09T17:36:27.983573 #20605]  INFO -- : 0:  mongoid-pagination (0.2.0) from /home/mie/.rvm/gems/ruby-2.0.0-p353@yucky/specifications/mongoid-pagination-0.2.0.gemspec
I, [2014-01-09T17:36:27.984177 #20605]  INFO -- : 0:  rack (1.5.2) from /home/mie/.rvm/gems/ruby-2.0.0-p353@yucky/specifications/rack-1.5.2.gemspec
I, [2014-01-09T17:36:27.984785 #20605]  INFO -- : 0:  rack-protection (1.5.1) from /home/mie/.rvm/gems/ruby-2.0.0-p353@yucky/specifications/rack-protection-1.5.1.gemspec
I, [2014-01-09T17:36:27.985374 #20605]  INFO -- : 0:  rack-test (0.6.2) from /home/mie/.rvm/gems/ruby-2.0.0-p353@yucky/specifications/rack-test-0.6.2.gemspec
I, [2014-01-09T17:36:27.985971 #20605]  INFO -- : 0:  tilt (1.4.1) from /home/mie/.rvm/gems/ruby-2.0.0-p353@yucky/specifications/tilt-1.4.1.gemspec
I, [2014-01-09T17:36:27.986601 #20605]  INFO -- : 0:  sinatra (1.4.4) from /home/mie/.rvm/gems/ruby-2.0.0-p353@yucky/specifications/sinatra-1.4.4.gemspec
I, [2014-01-09T17:36:27.987184 #20605]  INFO -- : 0:  sinatra-contrib (1.4.2) from /home/mie/.rvm/gems/ruby-2.0.0-p353@yucky/specifications/sinatra-contrib-1.4.2.gemspec
I, [2014-01-09T17:36:27.987777 #20605]  INFO -- : 0:  temple (0.6.7) from /home/mie/.rvm/gems/ruby-2.0.0-p353@yucky/specifications/temple-0.6.7.gemspec
I, [2014-01-09T17:36:27.988357 #20605]  INFO -- : 0:  slim (2.0.2) from /home/mie/.rvm/gems/ruby-2.0.0-p353@yucky/specifications/slim-2.0.2.gemspec
I, [2014-01-09T17:36:27.988943 #20605]  INFO -- : 0:  thin (1.6.1) from /home/mie/.rvm/gems/ruby-2.0.0-p353@yucky/specifications/thin-1.6.1.gemspec
I, [2014-01-09T17:36:27.989418 #20605]  INFO -- : 0:  bundler (1.5.1) from /home/mie/.rvm/gems/ruby-2.0.0-p353@global/specifications/bundler-1.5.1.gemspec
